Simulation with SEED = 1
Duration: 1500 flow: 1500
TTI Length: 32ms 
Scheduler NB RR 
Created eNB - id 1 position (0;0)
ZONE 6 LOW EDGE 363 DISTANCE 398.853
Created UE - id 2 position 282.032 282.032
CREATED CBR APPLICATION, ID 0
ZONE 4 LOW EDGE 545 DISTANCE 575.475
Created UE - id 3 position -406.922 406.922
CREATED CBR APPLICATION, ID 1
ZONE 8 LOW EDGE 181 DISTANCE 238.17
Created UE - id 4 position -168.412 168.412
CREATED CBR APPLICATION, ID 2
ZONE 4 LOW EDGE 545 DISTANCE 602.792
Created UE - id 5 position -426.238 -426.238
CREATED CBR APPLICATION, ID 3
ZONE 10 LOW EDGE 0 DISTANCE 22.0806
Created UE - id 6 position 15.6134 15.6134
CREATED CBR APPLICATION, ID 4
ZONE 6 LOW EDGE 363 DISTANCE 374.799
Created UE - id 7 position 265.023 265.023
CREATED CBR APPLICATION, ID 5
ZONE 10 LOW EDGE 0 DISTANCE 76.2829
Created UE - id 8 position -53.9402 -53.9402
CREATED CBR APPLICATION, ID 6
ZONE 9 LOW EDGE 90 DISTANCE 134.871
Created UE - id 9 position -95.3683 95.3683
CREATED CBR APPLICATION, ID 7
ZONE 7 LOW EDGE 272 DISTANCE 341.992
Created UE - id 10 position 241.825 241.825
CREATED CBR APPLICATION, ID 8
ZONE 10 LOW EDGE 0 DISTANCE 73.4295
Created UE - id 11 position -51.9225 51.9225
CREATED CBR APPLICATION, ID 9



TX CBR ID 0 B 4 SIZE 133 SRC 6 DST 1 T 10.401
RACH INFO SF 10560 WIN 1 COLLISIONS 0 TOT 1
	 UE 6 mcs 10 data to translate: 0
**** NO PHY ERROR (node 1) ****
RX CBR ID 0 B 4 SIZE 128 SRC 6 DST 1 D 0.415



TX CBR ID 1 B 5 SIZE 133 SRC 7 DST 1 T 14.095
RACH INFO SF 14400 WIN 1 COLLISIONS 0 TOT 1
	 UE 7 mcs 6 data to translate: 16
**** NO PHY ERROR (node 1) ****
	 UE 7 mcs 6 data to translate: 0
**** NO PHY ERROR (node 1) ****
RX CBR ID 1 B 5 SIZE 128 SRC 7 DST 1 D 0.721



TX CBR ID 2 B 8 SIZE 133 SRC 10 DST 1 T 17.999
RACH INFO SF 18240 WIN 1 COLLISIONS 0 TOT 1
	 UE 10 mcs 7 data to translate: 0
**** NO PHY ERROR (node 1) ****
RX CBR ID 2 B 8 SIZE 128 SRC 10 DST 1 D 0.561



TX CBR ID 3 B 1 SIZE 133 SRC 3 DST 1 T 34.238
RACH INFO SF 34240 WIN 1 COLLISIONS 0 TOT 1
	 UE 3 mcs 4 data to translate: 56
**** NO PHY ERROR (node 1) ****
	 UE 3 mcs 4 data to translate: 0
**** NO PHY ERROR (node 1) ****
RX CBR ID 3 B 1 SIZE 128 SRC 3 DST 1 D 0.578



TX CBR ID 4 B 3 SIZE 133 SRC 5 DST 1 T 37.418
RACH INFO SF 37440 WIN 1 COLLISIONS 0 TOT 1
	 UE 5 mcs 4 data to translate: 56
**** NO PHY ERROR (node 1) ****
	 UE 5 mcs 4 data to translate: 0
**** NO PHY ERROR (node 1) ****
RX CBR ID 4 B 3 SIZE 128 SRC 5 DST 1 D 0.598



TX CBR ID 5 B 6 SIZE 133 SRC 8 DST 1 T 39.253
RACH INFO SF 39360 WIN 1 COLLISIONS 0 TOT 1
	 UE 8 mcs 10 data to translate: 0
**** NO PHY ERROR (node 1) ****
RX CBR ID 5 B 6 SIZE 128 SRC 8 DST 1 D 0.363



TX CBR ID 6 B 7 SIZE 133 SRC 9 DST 1 T 47.281
RACH INFO SF 47360 WIN 1 COLLISIONS 0 TOT 1
	 UE 9 mcs 9 data to translate: 0
**** NO PHY ERROR (node 1) ****
RX CBR ID 6 B 7 SIZE 128 SRC 9 DST 1 D 0.335



TX CBR ID 7 B 0 SIZE 133 SRC 2 DST 1 T 55.699
RACH INFO SF 56000 WIN 1 COLLISIONS 0 TOT 1
	 UE 2 mcs 6 data to translate: 16
**** NO PHY ERROR (node 1) ****
	 UE 2 mcs 6 data to translate: 0
**** NO PHY ERROR (node 1) ****
RX CBR ID 7 B 0 SIZE 128 SRC 2 DST 1 D 0.717



TX CBR ID 8 B 9 SIZE 133 SRC 11 DST 1 T 57.96
TX CBR ID 9 B 2 SIZE 133 SRC 4 DST 1 T 58.134
RACH INFO SF 58240 WIN 2 COLLISIONS 0 TOT 2
	 UE 11 mcs 10 data to translate: 0
**** NO PHY ERROR (node 1) ****
RX CBR ID 8 B 9 SIZE 128 SRC 11 DST 1 D 0.536
	 UE 4 mcs 8 data to translate: 0
**** NO PHY ERROR (node 1) ****
RX CBR ID 9 B 2 SIZE 128 SRC 4 DST 1 D 0.426



TX CBR ID 10 B 4 SIZE 133 SRC 6 DST 1 T 70.401
RACH INFO SF 70720 WIN 1 COLLISIONS 0 TOT 1
	 UE 6 mcs 10 data to translate: 0
**** NO PHY ERROR (node 1) ****
RX CBR ID 10 B 4 SIZE 128 SRC 6 DST 1 D 0.575



TX CBR ID 11 B 5 SIZE 133 SRC 7 DST 1 T 74.095
RACH INFO SF 74240 WIN 1 COLLISIONS 0 TOT 1
	 UE 7 mcs 6 data to translate: 16
**** NO PHY ERROR (node 1) ****
	 UE 7 mcs 6 data to translate: 0
**** NO PHY ERROR (node 1) ****
RX CBR ID 11 B 5 SIZE 128 SRC 7 DST 1 D 0.561
TX CBR ID 12 B 8 SIZE 133 SRC 10 DST 1 T 77.999
RACH INFO SF 78080 WIN 1 COLLISIONS 0 TOT 1
	 UE 10 mcs 7 data to translate: 0
**** NO PHY ERROR (node 1) ****
RX CBR ID 12 B 8 SIZE 128 SRC 10 DST 1 D 0.401
TX CBR ID 13 B 1 SIZE 133 SRC 3 DST 1 T 94.238
RACH INFO SF 94400 WIN 1 COLLISIONS 0 TOT 1
	 UE 3 mcs 4 data to translate: 56
**** NO PHY ERROR (node 1) ****
	 UE 3 mcs 4 data to translate: 0
**** NO PHY ERROR (node 1) ****
RX CBR ID 13 B 1 SIZE 128 SRC 3 DST 1 D 0.738
TX CBR ID 14 B 3 SIZE 133 SRC 5 DST 1 T 97.418
RACH INFO SF 97600 WIN 1 COLLISIONS 0 TOT 1
	 UE 5 mcs 4 data to translate: 56
**** NO PHY ERROR (node 1) ****
	 UE 5 mcs 4 data to translate: 0
**** NO PHY ERROR (node 1) ****
RX CBR ID 14 B 3 SIZE 128 SRC 5 DST 1 D 0.758
TX CBR ID 15 B 6 SIZE 133 SRC 8 DST 1 T 99.253
RACH INFO SF 99520 WIN 1 COLLISIONS 0 TOT 1
	 UE 8 mcs 10 data to translate: 0
**** NO PHY ERROR (node 1) ****
RX CBR ID 15 B 6 SIZE 128 SRC 8 DST 1 D 0.523
TX CBR ID 16 B 7 SIZE 133 SRC 9 DST 1 T 107.281
RACH INFO SF 107520 WIN 1 COLLISIONS 0 TOT 1
	 UE 9 mcs 9 data to translate: 0
**** NO PHY ERROR (node 1) ****
RX CBR ID 16 B 7 SIZE 128 SRC 9 DST 1 D 0.495
TX CBR ID 17 B 0 SIZE 133 SRC 2 DST 1 T 115.699
RACH INFO SF 115840 WIN 1 COLLISIONS 0 TOT 1
	 UE 2 mcs 6 data to translate: 16
**** NO PHY ERROR (node 1) ****
	 UE 2 mcs 6 data to translate: 0
**** NO PHY ERROR (node 1) ****
RX CBR ID 17 B 0 SIZE 128 SRC 2 DST 1 D 0.557
TX CBR ID 18 B 9 SIZE 133 SRC 11 DST 1 T 117.96
RACH INFO SF 118080 WIN 1 COLLISIONS 0 TOT 1
TX CBR ID 19 B 2 SIZE 133 SRC 4 DST 1 T 118.134
	 UE 11 mcs 10 data to translate: 0
**** NO PHY ERROR (node 1) ****
RX CBR ID 18 B 9 SIZE 128 SRC 11 DST 1 D 0.376
RACH INFO SF 118400 WIN 1 COLLISIONS 0 TOT 1
	 UE 4 mcs 8 data to translate: 0
**** NO PHY ERROR (node 1) ****
RX CBR ID 19 B 2 SIZE 128 SRC 4 DST 1 D 0.586
TX CBR ID 20 B 4 SIZE 133 SRC 6 DST 1 T 130.401
RACH INFO SF 130560 WIN 1 COLLISIONS 0 TOT 1
	 UE 6 mcs 10 data to translate: 0
**** NO PHY ERROR (node 1) ****
RX CBR ID 20 B 4 SIZE 128 SRC 6 DST 1 D 0.415
TX CBR ID 21 B 5 SIZE 133 SRC 7 DST 1 T 134.095
RACH INFO SF 134400 WIN 1 COLLISIONS 0 TOT 1
	 UE 7 mcs 6 data to translate: 16
**** NO PHY ERROR (node 1) ****
	 UE 7 mcs 6 data to translate: 0
**** NO PHY ERROR (node 1) ****
RX CBR ID 21 B 5 SIZE 128 SRC 7 DST 1 D 0.721
TX CBR ID 22 B 8 SIZE 133 SRC 10 DST 1 T 137.999
RACH INFO SF 138240 WIN 1 COLLISIONS 0 TOT 1
	 UE 10 mcs 7 data to translate: 0
**** NO PHY ERROR (node 1) ****
RX CBR ID 22 B 8 SIZE 128 SRC 10 DST 1 D 0.561
TX CBR ID 23 B 1 SIZE 133 SRC 3 DST 1 T 154.238
RACH INFO SF 154240 WIN 1 COLLISIONS 0 TOT 1
	 UE 3 mcs 4 data to translate: 56
**** NO PHY ERROR (node 1) ****
	 UE 3 mcs 4 data to translate: 0
**** NO PHY ERROR (node 1) ****
RX CBR ID 23 B 1 SIZE 128 SRC 3 DST 1 D 0.578
TX CBR ID 24 B 3 SIZE 133 SRC 5 DST 1 T 157.418
RACH INFO SF 157440 WIN 1 COLLISIONS 0 TOT 1
	 UE 5 mcs 4 data to translate: 56
**** NO PHY ERROR (node 1) ****
	 UE 5 mcs 4 data to translate: 0
**** NO PHY ERROR (node 1) ****
RX CBR ID 24 B 3 SIZE 128 SRC 5 DST 1 D 0.598
TX CBR ID 25 B 6 SIZE 133 SRC 8 DST 1 T 159.253
RACH INFO SF 159360 WIN 1 COLLISIONS 0 TOT 1
	 UE 8 mcs 10 data to translate: 0
**** NO PHY ERROR (node 1) ****
RX CBR ID 25 B 6 SIZE 128 SRC 8 DST 1 D 0.363
TX CBR ID 26 B 7 SIZE 133 SRC 9 DST 1 T 167.281
RACH INFO SF 167360 WIN 1 COLLISIONS 0 TOT 1
	 UE 9 mcs 9 data to translate: 0
**** NO PHY ERROR (node 1) ****
RX CBR ID 26 B 7 SIZE 128 SRC 9 DST 1 D 0.335
TX CBR ID 27 B 0 SIZE 133 SRC 2 DST 1 T 175.699
RACH INFO SF 176000 WIN 1 COLLISIONS 0 TOT 1
	 UE 2 mcs 6 data to translate: 16
**** NO PHY ERROR (node 1) ****
	 UE 2 mcs 6 data to translate: 0
**** NO PHY ERROR (node 1) ****
RX CBR ID 27 B 0 SIZE 128 SRC 2 DST 1 D 0.717
TX CBR ID 28 B 9 SIZE 133 SRC 11 DST 1 T 177.96
TX CBR ID 29 B 2 SIZE 133 SRC 4 DST 1 T 178.134
RACH INFO SF 178240 WIN 2 COLLISIONS 0 TOT 2
	 UE 11 mcs 10 data to translate: 0
**** NO PHY ERROR (node 1) ****
RX CBR ID 28 B 9 SIZE 128 SRC 11 DST 1 D 0.536
	 UE 4 mcs 8 data to translate: 0
**** NO PHY ERROR (node 1) ****
RX CBR ID 29 B 2 SIZE 128 SRC 4 DST 1 D 0.426
TX CBR ID 30 B 4 SIZE 133 SRC 6 DST 1 T 190.401
RACH INFO SF 190720 WIN 1 COLLISIONS 0 TOT 1
	 UE 6 mcs 10 data to translate: 0
**** NO PHY ERROR (node 1) ****
RX CBR ID 30 B 4 SIZE 128 SRC 6 DST 1 D 0.575
TX CBR ID 31 B 5 SIZE 133 SRC 7 DST 1 T 194.095
RACH INFO SF 194240 WIN 1 COLLISIONS 0 TOT 1
	 UE 7 mcs 6 data to translate: 16
**** NO PHY ERROR (node 1) ****
	 UE 7 mcs 6 data to translate: 0
**** NO PHY ERROR (node 1) ****
RX CBR ID 31 B 5 SIZE 128 SRC 7 DST 1 D 0.561
TX CBR ID 32 B 8 SIZE 133 SRC 10 DST 1 T 197.999
RACH INFO SF 198080 WIN 1 COLLISIONS 0 TOT 1
	 UE 10 mcs 7 data to translate: 0
**** NO PHY ERROR (node 1) ****
RX CBR ID 32 B 8 SIZE 128 SRC 10 DST 1 D 0.401
TX CBR ID 33 B 1 SIZE 133 SRC 3 DST 1 T 214.238
RACH INFO SF 214400 WIN 1 COLLISIONS 0 TOT 1
	 UE 3 mcs 4 data to translate: 56
**** NO PHY ERROR (node 1) ****
	 UE 3 mcs 4 data to translate: 0
**** NO PHY ERROR (node 1) ****
RX CBR ID 33 B 1 SIZE 128 SRC 3 DST 1 D 0.738
TX CBR ID 34 B 3 SIZE 133 SRC 5 DST 1 T 217.418
RACH INFO SF 217600 WIN 1 COLLISIONS 0 TOT 1
	 UE 5 mcs 4 data to translate: 56
**** NO PHY ERROR (node 1) ****
	 UE 5 mcs 4 data to translate: 0
**** NO PHY ERROR (node 1) ****
RX CBR ID 34 B 3 SIZE 128 SRC 5 DST 1 D 0.758
TX CBR ID 35 B 6 SIZE 133 SRC 8 DST 1 T 219.253
RACH INFO SF 219520 WIN 1 COLLISIONS 0 TOT 1
	 UE 8 mcs 10 data to translate: 0
**** NO PHY ERROR (node 1) ****
RX CBR ID 35 B 6 SIZE 128 SRC 8 DST 1 D 0.523
TX CBR ID 36 B 7 SIZE 133 SRC 9 DST 1 T 227.281
RACH INFO SF 227520 WIN 1 COLLISIONS 0 TOT 1
	 UE 9 mcs 9 data to translate: 0
**** NO PHY ERROR (node 1) ****
RX CBR ID 36 B 7 SIZE 128 SRC 9 DST 1 D 0.495
TX CBR ID 37 B 0 SIZE 133 SRC 2 DST 1 T 235.699
RACH INFO SF 235840 WIN 1 COLLISIONS 0 TOT 1
	 UE 2 mcs 6 data to translate: 16
**** NO PHY ERROR (node 1) ****
	 UE 2 mcs 6 data to translate: 0
**** NO PHY ERROR (node 1) ****
RX CBR ID 37 B 0 SIZE 128 SRC 2 DST 1 D 0.557
TX CBR ID 38 B 9 SIZE 133 SRC 11 DST 1 T 237.96
RACH INFO SF 238080 WIN 1 COLLISIONS 0 TOT 1
TX CBR ID 39 B 2 SIZE 133 SRC 4 DST 1 T 238.134
	 UE 11 mcs 10 data to translate: 0
**** NO PHY ERROR (node 1) ****
RX CBR ID 38 B 9 SIZE 128 SRC 11 DST 1 D 0.376
RACH INFO SF 238400 WIN 1 COLLISIONS 0 TOT 1
	 UE 4 mcs 8 data to translate: 0
**** NO PHY ERROR (node 1) ****
RX CBR ID 39 B 2 SIZE 128 SRC 4 DST 1 D 0.586
TX CBR ID 40 B 4 SIZE 133 SRC 6 DST 1 T 250.401
RACH INFO SF 250560 WIN 1 COLLISIONS 0 TOT 1
	 UE 6 mcs 10 data to translate: 0
**** NO PHY ERROR (node 1) ****
RX CBR ID 40 B 4 SIZE 128 SRC 6 DST 1 D 0.415
TX CBR ID 41 B 5 SIZE 133 SRC 7 DST 1 T 254.095
RACH INFO SF 254400 WIN 1 COLLISIONS 0 TOT 1
	 UE 7 mcs 6 data to translate: 16
**** NO PHY ERROR (node 1) ****
	 UE 7 mcs 6 data to translate: 0
**** NO PHY ERROR (node 1) ****
RX CBR ID 41 B 5 SIZE 128 SRC 7 DST 1 D 0.721
TX CBR ID 42 B 8 SIZE 133 SRC 10 DST 1 T 257.999
RACH INFO SF 258240 WIN 1 COLLISIONS 0 TOT 1
	 UE 10 mcs 7 data to translate: 0
**** NO PHY ERROR (node 1) ****
RX CBR ID 42 B 8 SIZE 128 SRC 10 DST 1 D 0.561
TX CBR ID 43 B 1 SIZE 133 SRC 3 DST 1 T 274.238
RACH INFO SF 274240 WIN 1 COLLISIONS 0 TOT 1
	 UE 3 mcs 4 data to translate: 56
**** NO PHY ERROR (node 1) ****
	 UE 3 mcs 4 data to translate: 0
**** NO PHY ERROR (node 1) ****
RX CBR ID 43 B 1 SIZE 128 SRC 3 DST 1 D 0.578
TX CBR ID 44 B 3 SIZE 133 SRC 5 DST 1 T 277.418
RACH INFO SF 277440 WIN 1 COLLISIONS 0 TOT 1
	 UE 5 mcs 4 data to translate: 56
**** NO PHY ERROR (node 1) ****
	 UE 5 mcs 4 data to translate: 0
**** NO PHY ERROR (node 1) ****
RX CBR ID 44 B 3 SIZE 128 SRC 5 DST 1 D 0.598
TX CBR ID 45 B 6 SIZE 133 SRC 8 DST 1 T 279.253
RACH INFO SF 279360 WIN 1 COLLISIONS 0 TOT 1
	 UE 8 mcs 10 data to translate: 0
**** NO PHY ERROR (node 1) ****
RX CBR ID 45 B 6 SIZE 128 SRC 8 DST 1 D 0.363
TX CBR ID 46 B 7 SIZE 133 SRC 9 DST 1 T 287.281
RACH INFO SF 287360 WIN 1 COLLISIONS 0 TOT 1
	 UE 9 mcs 9 data to translate: 0
**** NO PHY ERROR (node 1) ****
RX CBR ID 46 B 7 SIZE 128 SRC 9 DST 1 D 0.335
TX CBR ID 47 B 0 SIZE 133 SRC 2 DST 1 T 295.699
RACH INFO SF 296000 WIN 1 COLLISIONS 0 TOT 1
	 UE 2 mcs 6 data to translate: 16
**** NO PHY ERROR (node 1) ****
	 UE 2 mcs 6 data to translate: 0
**** NO PHY ERROR (node 1) ****
RX CBR ID 47 B 0 SIZE 128 SRC 2 DST 1 D 0.717
TX CBR ID 48 B 9 SIZE 133 SRC 11 DST 1 T 297.96
TX CBR ID 49 B 2 SIZE 133 SRC 4 DST 1 T 298.134
RACH INFO SF 298240 WIN 2 COLLISIONS 0 TOT 2
	 UE 11 mcs 10 data to translate: 0
**** NO PHY ERROR (node 1) ****
RX CBR ID 48 B 9 SIZE 128 SRC 11 DST 1 D 0.536
	 UE 4 mcs 8 data to translate: 0
**** NO PHY ERROR (node 1) ****
RX CBR ID 49 B 2 SIZE 128 SRC 4 DST 1 D 0.426
TX CBR ID 50 B 4 SIZE 133 SRC 6 DST 1 T 310.401
RACH INFO SF 310720 WIN 1 COLLISIONS 0 TOT 1
	 UE 6 mcs 10 data to translate: 0
**** NO PHY ERROR (node 1) ****
RX CBR ID 50 B 4 SIZE 128 SRC 6 DST 1 D 0.575
TX CBR ID 51 B 5 SIZE 133 SRC 7 DST 1 T 314.095
RACH INFO SF 314240 WIN 1 COLLISIONS 0 TOT 1
	 UE 7 mcs 6 data to translate: 16
**** NO PHY ERROR (node 1) ****
	 UE 7 mcs 6 data to translate: 0
**** NO PHY ERROR (node 1) ****
RX CBR ID 51 B 5 SIZE 128 SRC 7 DST 1 D 0.561
TX CBR ID 52 B 8 SIZE 133 SRC 10 DST 1 T 317.999
RACH INFO SF 318080 WIN 1 COLLISIONS 0 TOT 1
	 UE 10 mcs 7 data to translate: 0
**** NO PHY ERROR (node 1) ****
RX CBR ID 52 B 8 SIZE 128 SRC 10 DST 1 D 0.401
TX CBR ID 53 B 1 SIZE 133 SRC 3 DST 1 T 334.238
RACH INFO SF 334400 WIN 1 COLLISIONS 0 TOT 1
	 UE 3 mcs 4 data to translate: 56
**** NO PHY ERROR (node 1) ****
	 UE 3 mcs 4 data to translate: 0
**** NO PHY ERROR (node 1) ****
RX CBR ID 53 B 1 SIZE 128 SRC 3 DST 1 D 0.738
TX CBR ID 54 B 3 SIZE 133 SRC 5 DST 1 T 337.418
RACH INFO SF 337600 WIN 1 COLLISIONS 0 TOT 1
	 UE 5 mcs 4 data to translate: 56
**** NO PHY ERROR (node 1) ****
	 UE 5 mcs 4 data to translate: 0
**** NO PHY ERROR (node 1) ****
RX CBR ID 54 B 3 SIZE 128 SRC 5 DST 1 D 0.758
TX CBR ID 55 B 6 SIZE 133 SRC 8 DST 1 T 339.253
RACH INFO SF 339520 WIN 1 COLLISIONS 0 TOT 1
	 UE 8 mcs 10 data to translate: 0
**** NO PHY ERROR (node 1) ****
RX CBR ID 55 B 6 SIZE 128 SRC 8 DST 1 D 0.523
TX CBR ID 56 B 7 SIZE 133 SRC 9 DST 1 T 347.281
RACH INFO SF 347520 WIN 1 COLLISIONS 0 TOT 1
	 UE 9 mcs 9 data to translate: 0
**** NO PHY ERROR (node 1) ****
RX CBR ID 56 B 7 SIZE 128 SRC 9 DST 1 D 0.495
TX CBR ID 57 B 0 SIZE 133 SRC 2 DST 1 T 355.699
RACH INFO SF 355840 WIN 1 COLLISIONS 0 TOT 1
	 UE 2 mcs 6 data to translate: 16
**** NO PHY ERROR (node 1) ****
	 UE 2 mcs 6 data to translate: 0
**** NO PHY ERROR (node 1) ****
RX CBR ID 57 B 0 SIZE 128 SRC 2 DST 1 D 0.557
TX CBR ID 58 B 9 SIZE 133 SRC 11 DST 1 T 357.96
RACH INFO SF 358080 WIN 1 COLLISIONS 0 TOT 1
TX CBR ID 59 B 2 SIZE 133 SRC 4 DST 1 T 358.134
	 UE 11 mcs 10 data to translate: 0
**** NO PHY ERROR (node 1) ****
RX CBR ID 58 B 9 SIZE 128 SRC 11 DST 1 D 0.376
RACH INFO SF 358400 WIN 1 COLLISIONS 0 TOT 1
	 UE 4 mcs 8 data to translate: 0
**** NO PHY ERROR (node 1) ****
RX CBR ID 59 B 2 SIZE 128 SRC 4 DST 1 D 0.586
TX CBR ID 60 B 4 SIZE 133 SRC 6 DST 1 T 370.401
RACH INFO SF 370560 WIN 1 COLLISIONS 0 TOT 1
	 UE 6 mcs 10 data to translate: 0
**** NO PHY ERROR (node 1) ****
RX CBR ID 60 B 4 SIZE 128 SRC 6 DST 1 D 0.415
TX CBR ID 61 B 5 SIZE 133 SRC 7 DST 1 T 374.095
RACH INFO SF 374400 WIN 1 COLLISIONS 0 TOT 1
	 UE 7 mcs 6 data to translate: 16
**** NO PHY ERROR (node 1) ****
	 UE 7 mcs 6 data to translate: 0
**** NO PHY ERROR (node 1) ****
RX CBR ID 61 B 5 SIZE 128 SRC 7 DST 1 D 0.721
TX CBR ID 62 B 8 SIZE 133 SRC 10 DST 1 T 377.999
RACH INFO SF 378240 WIN 1 COLLISIONS 0 TOT 1
	 UE 10 mcs 7 data to translate: 0
**** NO PHY ERROR (node 1) ****
RX CBR ID 62 B 8 SIZE 128 SRC 10 DST 1 D 0.561
TX CBR ID 63 B 1 SIZE 133 SRC 3 DST 1 T 394.238
RACH INFO SF 394240 WIN 1 COLLISIONS 0 TOT 1
	 UE 3 mcs 4 data to translate: 56
**** NO PHY ERROR (node 1) ****
	 UE 3 mcs 4 data to translate: 0
**** NO PHY ERROR (node 1) ****
RX CBR ID 63 B 1 SIZE 128 SRC 3 DST 1 D 0.578
TX CBR ID 64 B 3 SIZE 133 SRC 5 DST 1 T 397.418
RACH INFO SF 397440 WIN 1 COLLISIONS 0 TOT 1
	 UE 5 mcs 4 data to translate: 56
**** NO PHY ERROR (node 1) ****
	 UE 5 mcs 4 data to translate: 0
**** NO PHY ERROR (node 1) ****
RX CBR ID 64 B 3 SIZE 128 SRC 5 DST 1 D 0.598
TX CBR ID 65 B 6 SIZE 133 SRC 8 DST 1 T 399.253
RACH INFO SF 399360 WIN 1 COLLISIONS 0 TOT 1
	 UE 8 mcs 10 data to translate: 0
**** NO PHY ERROR (node 1) ****
RX CBR ID 65 B 6 SIZE 128 SRC 8 DST 1 D 0.363
TX CBR ID 66 B 7 SIZE 133 SRC 9 DST 1 T 407.281
RACH INFO SF 407360 WIN 1 COLLISIONS 0 TOT 1
	 UE 9 mcs 9 data to translate: 0
**** NO PHY ERROR (node 1) ****
RX CBR ID 66 B 7 SIZE 128 SRC 9 DST 1 D 0.335
TX CBR ID 67 B 0 SIZE 133 SRC 2 DST 1 T 415.699
RACH INFO SF 416000 WIN 1 COLLISIONS 0 TOT 1
	 UE 2 mcs 6 data to translate: 16
**** NO PHY ERROR (node 1) ****
	 UE 2 mcs 6 data to translate: 0
**** NO PHY ERROR (node 1) ****
RX CBR ID 67 B 0 SIZE 128 SRC 2 DST 1 D 0.717
TX CBR ID 68 B 9 SIZE 133 SRC 11 DST 1 T 417.96
TX CBR ID 69 B 2 SIZE 133 SRC 4 DST 1 T 418.134
RACH INFO SF 418240 WIN 2 COLLISIONS 0 TOT 2
	 UE 11 mcs 10 data to translate: 0
**** NO PHY ERROR (node 1) ****
RX CBR ID 68 B 9 SIZE 128 SRC 11 DST 1 D 0.536
	 UE 4 mcs 8 data to translate: 0
**** NO PHY ERROR (node 1) ****
RX CBR ID 69 B 2 SIZE 128 SRC 4 DST 1 D 0.426
TX CBR ID 70 B 4 SIZE 133 SRC 6 DST 1 T 430.401
RACH INFO SF 430720 WIN 1 COLLISIONS 0 TOT 1
	 UE 6 mcs 10 data to translate: 0
**** NO PHY ERROR (node 1) ****
RX CBR ID 70 B 4 SIZE 128 SRC 6 DST 1 D 0.575
TX CBR ID 71 B 5 SIZE 133 SRC 7 DST 1 T 434.095
RACH INFO SF 434240 WIN 1 COLLISIONS 0 TOT 1
	 UE 7 mcs 6 data to translate: 16
**** NO PHY ERROR (node 1) ****
	 UE 7 mcs 6 data to translate: 0
**** NO PHY ERROR (node 1) ****
RX CBR ID 71 B 5 SIZE 128 SRC 7 DST 1 D 0.561
TX CBR ID 72 B 8 SIZE 133 SRC 10 DST 1 T 437.999
RACH INFO SF 438080 WIN 1 COLLISIONS 0 TOT 1
	 UE 10 mcs 7 data to translate: 0
**** NO PHY ERROR (node 1) ****
RX CBR ID 72 B 8 SIZE 128 SRC 10 DST 1 D 0.401
TX CBR ID 73 B 1 SIZE 133 SRC 3 DST 1 T 454.238
RACH INFO SF 454400 WIN 1 COLLISIONS 0 TOT 1
	 UE 3 mcs 4 data to translate: 56
**** NO PHY ERROR (node 1) ****
	 UE 3 mcs 4 data to translate: 0
**** NO PHY ERROR (node 1) ****
RX CBR ID 73 B 1 SIZE 128 SRC 3 DST 1 D 0.738
TX CBR ID 74 B 3 SIZE 133 SRC 5 DST 1 T 457.418
RACH INFO SF 457600 WIN 1 COLLISIONS 0 TOT 1
	 UE 5 mcs 4 data to translate: 56
**** NO PHY ERROR (node 1) ****
	 UE 5 mcs 4 data to translate: 0
**** NO PHY ERROR (node 1) ****
RX CBR ID 74 B 3 SIZE 128 SRC 5 DST 1 D 0.758
TX CBR ID 75 B 6 SIZE 133 SRC 8 DST 1 T 459.253
RACH INFO SF 459520 WIN 1 COLLISIONS 0 TOT 1
	 UE 8 mcs 10 data to translate: 0
**** NO PHY ERROR (node 1) ****
RX CBR ID 75 B 6 SIZE 128 SRC 8 DST 1 D 0.523
TX CBR ID 76 B 7 SIZE 133 SRC 9 DST 1 T 467.281
RACH INFO SF 467520 WIN 1 COLLISIONS 0 TOT 1
	 UE 9 mcs 9 data to translate: 0
**** NO PHY ERROR (node 1) ****
RX CBR ID 76 B 7 SIZE 128 SRC 9 DST 1 D 0.495
TX CBR ID 77 B 0 SIZE 133 SRC 2 DST 1 T 475.699
RACH INFO SF 475840 WIN 1 COLLISIONS 0 TOT 1
	 UE 2 mcs 6 data to translate: 16
**** NO PHY ERROR (node 1) ****
	 UE 2 mcs 6 data to translate: 0
**** NO PHY ERROR (node 1) ****
RX CBR ID 77 B 0 SIZE 128 SRC 2 DST 1 D 0.557
TX CBR ID 78 B 9 SIZE 133 SRC 11 DST 1 T 477.96
RACH INFO SF 478080 WIN 1 COLLISIONS 0 TOT 1
TX CBR ID 79 B 2 SIZE 133 SRC 4 DST 1 T 478.134
	 UE 11 mcs 10 data to translate: 0
**** NO PHY ERROR (node 1) ****
RX CBR ID 78 B 9 SIZE 128 SRC 11 DST 1 D 0.376
RACH INFO SF 478400 WIN 1 COLLISIONS 0 TOT 1
	 UE 4 mcs 8 data to translate: 0
**** NO PHY ERROR (node 1) ****
RX CBR ID 79 B 2 SIZE 128 SRC 4 DST 1 D 0.586
TX CBR ID 80 B 4 SIZE 133 SRC 6 DST 1 T 490.401
RACH INFO SF 490560 WIN 1 COLLISIONS 0 TOT 1
	 UE 6 mcs 10 data to translate: 0
**** NO PHY ERROR (node 1) ****
RX CBR ID 80 B 4 SIZE 128 SRC 6 DST 1 D 0.415
TX CBR ID 81 B 5 SIZE 133 SRC 7 DST 1 T 494.095
RACH INFO SF 494400 WIN 1 COLLISIONS 0 TOT 1
	 UE 7 mcs 6 data to translate: 16
**** NO PHY ERROR (node 1) ****
	 UE 7 mcs 6 data to translate: 0
**** NO PHY ERROR (node 1) ****
RX CBR ID 81 B 5 SIZE 128 SRC 7 DST 1 D 0.721
TX CBR ID 82 B 8 SIZE 133 SRC 10 DST 1 T 497.999
RACH INFO SF 498240 WIN 1 COLLISIONS 0 TOT 1
	 UE 10 mcs 7 data to translate: 0
**** NO PHY ERROR (node 1) ****
RX CBR ID 82 B 8 SIZE 128 SRC 10 DST 1 D 0.561
TX CBR ID 83 B 1 SIZE 133 SRC 3 DST 1 T 514.238
RACH INFO SF 514240 WIN 1 COLLISIONS 0 TOT 1
	 UE 3 mcs 4 data to translate: 56
**** NO PHY ERROR (node 1) ****
	 UE 3 mcs 4 data to translate: 0
**** NO PHY ERROR (node 1) ****
RX CBR ID 83 B 1 SIZE 128 SRC 3 DST 1 D 0.578
TX CBR ID 84 B 3 SIZE 133 SRC 5 DST 1 T 517.418
RACH INFO SF 517440 WIN 1 COLLISIONS 0 TOT 1
	 UE 5 mcs 4 data to translate: 56
**** NO PHY ERROR (node 1) ****
	 UE 5 mcs 4 data to translate: 0
**** NO PHY ERROR (node 1) ****
RX CBR ID 84 B 3 SIZE 128 SRC 5 DST 1 D 0.598
TX CBR ID 85 B 6 SIZE 133 SRC 8 DST 1 T 519.253
RACH INFO SF 519360 WIN 1 COLLISIONS 0 TOT 1
	 UE 8 mcs 10 data to translate: 0
**** NO PHY ERROR (node 1) ****
RX CBR ID 85 B 6 SIZE 128 SRC 8 DST 1 D 0.363
TX CBR ID 86 B 7 SIZE 133 SRC 9 DST 1 T 527.281
RACH INFO SF 527360 WIN 1 COLLISIONS 0 TOT 1
	 UE 9 mcs 9 data to translate: 0
**** NO PHY ERROR (node 1) ****
RX CBR ID 86 B 7 SIZE 128 SRC 9 DST 1 D 0.335
TX CBR ID 87 B 0 SIZE 133 SRC 2 DST 1 T 535.699
RACH INFO SF 536000 WIN 1 COLLISIONS 0 TOT 1
	 UE 2 mcs 6 data to translate: 16
**** NO PHY ERROR (node 1) ****
	 UE 2 mcs 6 data to translate: 0
**** NO PHY ERROR (node 1) ****
RX CBR ID 87 B 0 SIZE 128 SRC 2 DST 1 D 0.717
TX CBR ID 88 B 9 SIZE 133 SRC 11 DST 1 T 537.96
TX CBR ID 89 B 2 SIZE 133 SRC 4 DST 1 T 538.134
RACH INFO SF 538240 WIN 2 COLLISIONS 0 TOT 2
	 UE 11 mcs 10 data to translate: 0
**** NO PHY ERROR (node 1) ****
RX CBR ID 88 B 9 SIZE 128 SRC 11 DST 1 D 0.536
	 UE 4 mcs 8 data to translate: 0
**** NO PHY ERROR (node 1) ****
RX CBR ID 89 B 2 SIZE 128 SRC 4 DST 1 D 0.426
TX CBR ID 90 B 4 SIZE 133 SRC 6 DST 1 T 550.401
RACH INFO SF 550720 WIN 1 COLLISIONS 0 TOT 1
	 UE 6 mcs 10 data to translate: 0
**** NO PHY ERROR (node 1) ****
RX CBR ID 90 B 4 SIZE 128 SRC 6 DST 1 D 0.575
TX CBR ID 91 B 5 SIZE 133 SRC 7 DST 1 T 554.095
RACH INFO SF 554240 WIN 1 COLLISIONS 0 TOT 1
	 UE 7 mcs 6 data to translate: 16
**** NO PHY ERROR (node 1) ****
	 UE 7 mcs 6 data to translate: 0
**** NO PHY ERROR (node 1) ****
RX CBR ID 91 B 5 SIZE 128 SRC 7 DST 1 D 0.561
TX CBR ID 92 B 8 SIZE 133 SRC 10 DST 1 T 557.999
RACH INFO SF 558080 WIN 1 COLLISIONS 0 TOT 1
	 UE 10 mcs 7 data to translate: 0
**** NO PHY ERROR (node 1) ****
RX CBR ID 92 B 8 SIZE 128 SRC 10 DST 1 D 0.401
TX CBR ID 93 B 1 SIZE 133 SRC 3 DST 1 T 574.238
RACH INFO SF 574400 WIN 1 COLLISIONS 0 TOT 1
	 UE 3 mcs 4 data to translate: 56
**** NO PHY ERROR (node 1) ****
	 UE 3 mcs 4 data to translate: 0
**** NO PHY ERROR (node 1) ****
RX CBR ID 93 B 1 SIZE 128 SRC 3 DST 1 D 0.738
TX CBR ID 94 B 3 SIZE 133 SRC 5 DST 1 T 577.418
RACH INFO SF 577600 WIN 1 COLLISIONS 0 TOT 1
	 UE 5 mcs 4 data to translate: 56
**** NO PHY ERROR (node 1) ****
	 UE 5 mcs 4 data to translate: 0
**** NO PHY ERROR (node 1) ****
RX CBR ID 94 B 3 SIZE 128 SRC 5 DST 1 D 0.758
TX CBR ID 95 B 6 SIZE 133 SRC 8 DST 1 T 579.253
RACH INFO SF 579520 WIN 1 COLLISIONS 0 TOT 1
	 UE 8 mcs 10 data to translate: 0
**** NO PHY ERROR (node 1) ****
RX CBR ID 95 B 6 SIZE 128 SRC 8 DST 1 D 0.523
TX CBR ID 96 B 7 SIZE 133 SRC 9 DST 1 T 587.281
RACH INFO SF 587520 WIN 1 COLLISIONS 0 TOT 1
	 UE 9 mcs 9 data to translate: 0
**** NO PHY ERROR (node 1) ****
RX CBR ID 96 B 7 SIZE 128 SRC 9 DST 1 D 0.495
TX CBR ID 97 B 0 SIZE 133 SRC 2 DST 1 T 595.699
RACH INFO SF 595840 WIN 1 COLLISIONS 0 TOT 1
	 UE 2 mcs 6 data to translate: 16
**** NO PHY ERROR (node 1) ****
	 UE 2 mcs 6 data to translate: 0
**** NO PHY ERROR (node 1) ****
RX CBR ID 97 B 0 SIZE 128 SRC 2 DST 1 D 0.557
TX CBR ID 98 B 9 SIZE 133 SRC 11 DST 1 T 597.96
RACH INFO SF 598080 WIN 1 COLLISIONS 0 TOT 1
TX CBR ID 99 B 2 SIZE 133 SRC 4 DST 1 T 598.134
	 UE 11 mcs 10 data to translate: 0
**** NO PHY ERROR (node 1) ****
RX CBR ID 98 B 9 SIZE 128 SRC 11 DST 1 D 0.376
RACH INFO SF 598400 WIN 1 COLLISIONS 0 TOT 1
	 UE 4 mcs 8 data to translate: 0
**** NO PHY ERROR (node 1) ****
RX CBR ID 99 B 2 SIZE 128 SRC 4 DST 1 D 0.586
TX CBR ID 100 B 4 SIZE 133 SRC 6 DST 1 T 610.401
RACH INFO SF 610560 WIN 1 COLLISIONS 0 TOT 1
	 UE 6 mcs 10 data to translate: 0
**** NO PHY ERROR (node 1) ****
RX CBR ID 100 B 4 SIZE 128 SRC 6 DST 1 D 0.415
TX CBR ID 101 B 5 SIZE 133 SRC 7 DST 1 T 614.095
RACH INFO SF 614400 WIN 1 COLLISIONS 0 TOT 1
	 UE 7 mcs 6 data to translate: 16
**** NO PHY ERROR (node 1) ****
	 UE 7 mcs 6 data to translate: 0
**** NO PHY ERROR (node 1) ****
RX CBR ID 101 B 5 SIZE 128 SRC 7 DST 1 D 0.721
TX CBR ID 102 B 8 SIZE 133 SRC 10 DST 1 T 617.999
RACH INFO SF 618240 WIN 1 COLLISIONS 0 TOT 1
	 UE 10 mcs 7 data to translate: 0
**** NO PHY ERROR (node 1) ****
RX CBR ID 102 B 8 SIZE 128 SRC 10 DST 1 D 0.561
TX CBR ID 103 B 1 SIZE 133 SRC 3 DST 1 T 634.238
RACH INFO SF 634240 WIN 1 COLLISIONS 0 TOT 1
	 UE 3 mcs 4 data to translate: 56
**** NO PHY ERROR (node 1) ****
	 UE 3 mcs 4 data to translate: 0
**** NO PHY ERROR (node 1) ****
RX CBR ID 103 B 1 SIZE 128 SRC 3 DST 1 D 0.578
TX CBR ID 104 B 3 SIZE 133 SRC 5 DST 1 T 637.418
RACH INFO SF 637440 WIN 1 COLLISIONS 0 TOT 1
	 UE 5 mcs 4 data to translate: 56
**** NO PHY ERROR (node 1) ****
	 UE 5 mcs 4 data to translate: 0
**** NO PHY ERROR (node 1) ****
RX CBR ID 104 B 3 SIZE 128 SRC 5 DST 1 D 0.598
TX CBR ID 105 B 6 SIZE 133 SRC 8 DST 1 T 639.253
RACH INFO SF 639360 WIN 1 COLLISIONS 0 TOT 1
	 UE 8 mcs 10 data to translate: 0
**** NO PHY ERROR (node 1) ****
RX CBR ID 105 B 6 SIZE 128 SRC 8 DST 1 D 0.363
TX CBR ID 106 B 7 SIZE 133 SRC 9 DST 1 T 647.281
RACH INFO SF 647360 WIN 1 COLLISIONS 0 TOT 1
	 UE 9 mcs 9 data to translate: 0
**** NO PHY ERROR (node 1) ****
RX CBR ID 106 B 7 SIZE 128 SRC 9 DST 1 D 0.335
TX CBR ID 107 B 0 SIZE 133 SRC 2 DST 1 T 655.699
RACH INFO SF 656000 WIN 1 COLLISIONS 0 TOT 1
	 UE 2 mcs 6 data to translate: 16
**** NO PHY ERROR (node 1) ****
	 UE 2 mcs 6 data to translate: 0
**** NO PHY ERROR (node 1) ****
RX CBR ID 107 B 0 SIZE 128 SRC 2 DST 1 D 0.717
TX CBR ID 108 B 9 SIZE 133 SRC 11 DST 1 T 657.96
TX CBR ID 109 B 2 SIZE 133 SRC 4 DST 1 T 658.134
RACH INFO SF 658240 WIN 2 COLLISIONS 0 TOT 2
	 UE 11 mcs 10 data to translate: 0
**** NO PHY ERROR (node 1) ****
RX CBR ID 108 B 9 SIZE 128 SRC 11 DST 1 D 0.536
	 UE 4 mcs 8 data to translate: 0
**** NO PHY ERROR (node 1) ****
RX CBR ID 109 B 2 SIZE 128 SRC 4 DST 1 D 0.426
TX CBR ID 110 B 4 SIZE 133 SRC 6 DST 1 T 670.401
RACH INFO SF 670720 WIN 1 COLLISIONS 0 TOT 1
	 UE 6 mcs 10 data to translate: 0
**** NO PHY ERROR (node 1) ****
RX CBR ID 110 B 4 SIZE 128 SRC 6 DST 1 D 0.575
TX CBR ID 111 B 5 SIZE 133 SRC 7 DST 1 T 674.095
RACH INFO SF 674240 WIN 1 COLLISIONS 0 TOT 1
	 UE 7 mcs 6 data to translate: 16
**** NO PHY ERROR (node 1) ****
	 UE 7 mcs 6 data to translate: 0
**** NO PHY ERROR (node 1) ****
RX CBR ID 111 B 5 SIZE 128 SRC 7 DST 1 D 0.561
TX CBR ID 112 B 8 SIZE 133 SRC 10 DST 1 T 677.999
RACH INFO SF 678080 WIN 1 COLLISIONS 0 TOT 1
	 UE 10 mcs 7 data to translate: 0
**** NO PHY ERROR (node 1) ****
RX CBR ID 112 B 8 SIZE 128 SRC 10 DST 1 D 0.401
TX CBR ID 113 B 1 SIZE 133 SRC 3 DST 1 T 694.238
RACH INFO SF 694400 WIN 1 COLLISIONS 0 TOT 1
	 UE 3 mcs 4 data to translate: 56
**** NO PHY ERROR (node 1) ****
	 UE 3 mcs 4 data to translate: 0
**** NO PHY ERROR (node 1) ****
RX CBR ID 113 B 1 SIZE 128 SRC 3 DST 1 D 0.738
TX CBR ID 114 B 3 SIZE 133 SRC 5 DST 1 T 697.418
RACH INFO SF 697600 WIN 1 COLLISIONS 0 TOT 1
	 UE 5 mcs 4 data to translate: 56
**** NO PHY ERROR (node 1) ****
	 UE 5 mcs 4 data to translate: 0
**** NO PHY ERROR (node 1) ****
RX CBR ID 114 B 3 SIZE 128 SRC 5 DST 1 D 0.758
TX CBR ID 115 B 6 SIZE 133 SRC 8 DST 1 T 699.253
RACH INFO SF 699520 WIN 1 COLLISIONS 0 TOT 1
	 UE 8 mcs 10 data to translate: 0
**** NO PHY ERROR (node 1) ****
RX CBR ID 115 B 6 SIZE 128 SRC 8 DST 1 D 0.523
TX CBR ID 116 B 7 SIZE 133 SRC 9 DST 1 T 707.281
RACH INFO SF 707520 WIN 1 COLLISIONS 0 TOT 1
	 UE 9 mcs 9 data to translate: 0
**** NO PHY ERROR (node 1) ****
RX CBR ID 116 B 7 SIZE 128 SRC 9 DST 1 D 0.495
TX CBR ID 117 B 0 SIZE 133 SRC 2 DST 1 T 715.699
RACH INFO SF 715840 WIN 1 COLLISIONS 0 TOT 1
	 UE 2 mcs 6 data to translate: 16
**** NO PHY ERROR (node 1) ****
	 UE 2 mcs 6 data to translate: 0
**** NO PHY ERROR (node 1) ****
RX CBR ID 117 B 0 SIZE 128 SRC 2 DST 1 D 0.557
TX CBR ID 118 B 9 SIZE 133 SRC 11 DST 1 T 717.96
RACH INFO SF 718080 WIN 1 COLLISIONS 0 TOT 1
TX CBR ID 119 B 2 SIZE 133 SRC 4 DST 1 T 718.134
	 UE 11 mcs 10 data to translate: 0
**** NO PHY ERROR (node 1) ****
RX CBR ID 118 B 9 SIZE 128 SRC 11 DST 1 D 0.376
RACH INFO SF 718400 WIN 1 COLLISIONS 0 TOT 1
	 UE 4 mcs 8 data to translate: 0
**** NO PHY ERROR (node 1) ****
RX CBR ID 119 B 2 SIZE 128 SRC 4 DST 1 D 0.586
TX CBR ID 120 B 4 SIZE 133 SRC 6 DST 1 T 730.401
RACH INFO SF 730560 WIN 1 COLLISIONS 0 TOT 1
	 UE 6 mcs 10 data to translate: 0
**** NO PHY ERROR (node 1) ****
RX CBR ID 120 B 4 SIZE 128 SRC 6 DST 1 D 0.415
TX CBR ID 121 B 5 SIZE 133 SRC 7 DST 1 T 734.095
RACH INFO SF 734400 WIN 1 COLLISIONS 0 TOT 1
	 UE 7 mcs 6 data to translate: 16
**** NO PHY ERROR (node 1) ****
	 UE 7 mcs 6 data to translate: 0
**** NO PHY ERROR (node 1) ****
RX CBR ID 121 B 5 SIZE 128 SRC 7 DST 1 D 0.721
TX CBR ID 122 B 8 SIZE 133 SRC 10 DST 1 T 737.999
RACH INFO SF 738240 WIN 1 COLLISIONS 0 TOT 1
	 UE 10 mcs 7 data to translate: 0
**** NO PHY ERROR (node 1) ****
RX CBR ID 122 B 8 SIZE 128 SRC 10 DST 1 D 0.561
TX CBR ID 123 B 1 SIZE 133 SRC 3 DST 1 T 754.238
RACH INFO SF 754240 WIN 1 COLLISIONS 0 TOT 1
	 UE 3 mcs 4 data to translate: 56
**** NO PHY ERROR (node 1) ****
	 UE 3 mcs 4 data to translate: 0
**** NO PHY ERROR (node 1) ****
RX CBR ID 123 B 1 SIZE 128 SRC 3 DST 1 D 0.578
TX CBR ID 124 B 3 SIZE 133 SRC 5 DST 1 T 757.418
RACH INFO SF 757440 WIN 1 COLLISIONS 0 TOT 1
	 UE 5 mcs 4 data to translate: 56
**** NO PHY ERROR (node 1) ****
	 UE 5 mcs 4 data to translate: 0
**** NO PHY ERROR (node 1) ****
RX CBR ID 124 B 3 SIZE 128 SRC 5 DST 1 D 0.598
TX CBR ID 125 B 6 SIZE 133 SRC 8 DST 1 T 759.253
RACH INFO SF 759360 WIN 1 COLLISIONS 0 TOT 1
	 UE 8 mcs 10 data to translate: 0
**** NO PHY ERROR (node 1) ****
RX CBR ID 125 B 6 SIZE 128 SRC 8 DST 1 D 0.363
TX CBR ID 126 B 7 SIZE 133 SRC 9 DST 1 T 767.281
RACH INFO SF 767360 WIN 1 COLLISIONS 0 TOT 1
	 UE 9 mcs 9 data to translate: 0
**** NO PHY ERROR (node 1) ****
RX CBR ID 126 B 7 SIZE 128 SRC 9 DST 1 D 0.335
TX CBR ID 127 B 0 SIZE 133 SRC 2 DST 1 T 775.699
RACH INFO SF 776000 WIN 1 COLLISIONS 0 TOT 1
	 UE 2 mcs 6 data to translate: 16
**** NO PHY ERROR (node 1) ****
	 UE 2 mcs 6 data to translate: 0
**** NO PHY ERROR (node 1) ****
RX CBR ID 127 B 0 SIZE 128 SRC 2 DST 1 D 0.717
TX CBR ID 128 B 9 SIZE 133 SRC 11 DST 1 T 777.96
TX CBR ID 129 B 2 SIZE 133 SRC 4 DST 1 T 778.134
RACH INFO SF 778240 WIN 2 COLLISIONS 0 TOT 2
	 UE 11 mcs 10 data to translate: 0
**** NO PHY ERROR (node 1) ****
RX CBR ID 128 B 9 SIZE 128 SRC 11 DST 1 D 0.536
	 UE 4 mcs 8 data to translate: 0
**** NO PHY ERROR (node 1) ****
RX CBR ID 129 B 2 SIZE 128 SRC 4 DST 1 D 0.426
TX CBR ID 130 B 4 SIZE 133 SRC 6 DST 1 T 790.401
RACH INFO SF 790720 WIN 1 COLLISIONS 0 TOT 1
	 UE 6 mcs 10 data to translate: 0
**** NO PHY ERROR (node 1) ****
RX CBR ID 130 B 4 SIZE 128 SRC 6 DST 1 D 0.575
TX CBR ID 131 B 5 SIZE 133 SRC 7 DST 1 T 794.095
RACH INFO SF 794240 WIN 1 COLLISIONS 0 TOT 1
	 UE 7 mcs 6 data to translate: 16
**** NO PHY ERROR (node 1) ****
	 UE 7 mcs 6 data to translate: 0
**** NO PHY ERROR (node 1) ****
RX CBR ID 131 B 5 SIZE 128 SRC 7 DST 1 D 0.561
TX CBR ID 132 B 8 SIZE 133 SRC 10 DST 1 T 797.999
RACH INFO SF 798080 WIN 1 COLLISIONS 0 TOT 1
	 UE 10 mcs 7 data to translate: 0
**** NO PHY ERROR (node 1) ****
RX CBR ID 132 B 8 SIZE 128 SRC 10 DST 1 D 0.401
TX CBR ID 133 B 1 SIZE 133 SRC 3 DST 1 T 814.238
RACH INFO SF 814400 WIN 1 COLLISIONS 0 TOT 1
	 UE 3 mcs 4 data to translate: 56
**** NO PHY ERROR (node 1) ****
	 UE 3 mcs 4 data to translate: 0
**** NO PHY ERROR (node 1) ****
RX CBR ID 133 B 1 SIZE 128 SRC 3 DST 1 D 0.738
TX CBR ID 134 B 3 SIZE 133 SRC 5 DST 1 T 817.418
RACH INFO SF 817600 WIN 1 COLLISIONS 0 TOT 1
	 UE 5 mcs 4 data to translate: 56
**** NO PHY ERROR (node 1) ****
	 UE 5 mcs 4 data to translate: 0
**** NO PHY ERROR (node 1) ****
RX CBR ID 134 B 3 SIZE 128 SRC 5 DST 1 D 0.758
TX CBR ID 135 B 6 SIZE 133 SRC 8 DST 1 T 819.253
RACH INFO SF 819520 WIN 1 COLLISIONS 0 TOT 1
	 UE 8 mcs 10 data to translate: 0
**** NO PHY ERROR (node 1) ****
RX CBR ID 135 B 6 SIZE 128 SRC 8 DST 1 D 0.523
TX CBR ID 136 B 7 SIZE 133 SRC 9 DST 1 T 827.281
RACH INFO SF 827520 WIN 1 COLLISIONS 0 TOT 1
	 UE 9 mcs 9 data to translate: 0
**** NO PHY ERROR (node 1) ****
RX CBR ID 136 B 7 SIZE 128 SRC 9 DST 1 D 0.495
TX CBR ID 137 B 0 SIZE 133 SRC 2 DST 1 T 835.699
RACH INFO SF 835840 WIN 1 COLLISIONS 0 TOT 1
	 UE 2 mcs 6 data to translate: 16
**** NO PHY ERROR (node 1) ****
	 UE 2 mcs 6 data to translate: 0
**** NO PHY ERROR (node 1) ****
RX CBR ID 137 B 0 SIZE 128 SRC 2 DST 1 D 0.557
TX CBR ID 138 B 9 SIZE 133 SRC 11 DST 1 T 837.96
RACH INFO SF 838080 WIN 1 COLLISIONS 0 TOT 1
TX CBR ID 139 B 2 SIZE 133 SRC 4 DST 1 T 838.134
	 UE 11 mcs 10 data to translate: 0
**** NO PHY ERROR (node 1) ****
RX CBR ID 138 B 9 SIZE 128 SRC 11 DST 1 D 0.376
RACH INFO SF 838400 WIN 1 COLLISIONS 0 TOT 1
	 UE 4 mcs 8 data to translate: 0
**** NO PHY ERROR (node 1) ****
RX CBR ID 139 B 2 SIZE 128 SRC 4 DST 1 D 0.586
TX CBR ID 140 B 4 SIZE 133 SRC 6 DST 1 T 850.401
RACH INFO SF 850560 WIN 1 COLLISIONS 0 TOT 1
	 UE 6 mcs 10 data to translate: 0
**** NO PHY ERROR (node 1) ****
RX CBR ID 140 B 4 SIZE 128 SRC 6 DST 1 D 0.415
TX CBR ID 141 B 5 SIZE 133 SRC 7 DST 1 T 854.095
RACH INFO SF 854400 WIN 1 COLLISIONS 0 TOT 1
	 UE 7 mcs 6 data to translate: 16
**** NO PHY ERROR (node 1) ****
	 UE 7 mcs 6 data to translate: 0
**** NO PHY ERROR (node 1) ****
RX CBR ID 141 B 5 SIZE 128 SRC 7 DST 1 D 0.721
TX CBR ID 142 B 8 SIZE 133 SRC 10 DST 1 T 857.999
RACH INFO SF 858240 WIN 1 COLLISIONS 0 TOT 1
	 UE 10 mcs 7 data to translate: 0
**** NO PHY ERROR (node 1) ****
RX CBR ID 142 B 8 SIZE 128 SRC 10 DST 1 D 0.561
TX CBR ID 143 B 1 SIZE 133 SRC 3 DST 1 T 874.238
RACH INFO SF 874240 WIN 1 COLLISIONS 0 TOT 1
	 UE 3 mcs 4 data to translate: 56
**** NO PHY ERROR (node 1) ****
	 UE 3 mcs 4 data to translate: 0
**** NO PHY ERROR (node 1) ****
RX CBR ID 143 B 1 SIZE 128 SRC 3 DST 1 D 0.578
TX CBR ID 144 B 3 SIZE 133 SRC 5 DST 1 T 877.418
RACH INFO SF 877440 WIN 1 COLLISIONS 0 TOT 1
	 UE 5 mcs 4 data to translate: 56
**** NO PHY ERROR (node 1) ****
	 UE 5 mcs 4 data to translate: 0
**** NO PHY ERROR (node 1) ****
RX CBR ID 144 B 3 SIZE 128 SRC 5 DST 1 D 0.598
TX CBR ID 145 B 6 SIZE 133 SRC 8 DST 1 T 879.253
RACH INFO SF 879360 WIN 1 COLLISIONS 0 TOT 1
	 UE 8 mcs 10 data to translate: 0
**** NO PHY ERROR (node 1) ****
RX CBR ID 145 B 6 SIZE 128 SRC 8 DST 1 D 0.363
TX CBR ID 146 B 7 SIZE 133 SRC 9 DST 1 T 887.281
RACH INFO SF 887360 WIN 1 COLLISIONS 0 TOT 1
	 UE 9 mcs 9 data to translate: 0
**** NO PHY ERROR (node 1) ****
RX CBR ID 146 B 7 SIZE 128 SRC 9 DST 1 D 0.335
TX CBR ID 147 B 0 SIZE 133 SRC 2 DST 1 T 895.699
RACH INFO SF 896000 WIN 1 COLLISIONS 0 TOT 1
	 UE 2 mcs 6 data to translate: 16
**** NO PHY ERROR (node 1) ****
	 UE 2 mcs 6 data to translate: 0
**** NO PHY ERROR (node 1) ****
RX CBR ID 147 B 0 SIZE 128 SRC 2 DST 1 D 0.717
TX CBR ID 148 B 9 SIZE 133 SRC 11 DST 1 T 897.96
TX CBR ID 149 B 2 SIZE 133 SRC 4 DST 1 T 898.134
RACH INFO SF 898240 WIN 2 COLLISIONS 0 TOT 2
	 UE 11 mcs 10 data to translate: 0
**** NO PHY ERROR (node 1) ****
RX CBR ID 148 B 9 SIZE 128 SRC 11 DST 1 D 0.536
	 UE 4 mcs 8 data to translate: 0
**** NO PHY ERROR (node 1) ****
RX CBR ID 149 B 2 SIZE 128 SRC 4 DST 1 D 0.426
TX CBR ID 150 B 4 SIZE 133 SRC 6 DST 1 T 910.401
RACH INFO SF 910720 WIN 1 COLLISIONS 0 TOT 1
	 UE 6 mcs 10 data to translate: 0
**** NO PHY ERROR (node 1) ****
RX CBR ID 150 B 4 SIZE 128 SRC 6 DST 1 D 0.575
TX CBR ID 151 B 5 SIZE 133 SRC 7 DST 1 T 914.095
RACH INFO SF 914240 WIN 1 COLLISIONS 0 TOT 1
	 UE 7 mcs 6 data to translate: 16
**** NO PHY ERROR (node 1) ****
	 UE 7 mcs 6 data to translate: 0
**** NO PHY ERROR (node 1) ****
RX CBR ID 151 B 5 SIZE 128 SRC 7 DST 1 D 0.561
TX CBR ID 152 B 8 SIZE 133 SRC 10 DST 1 T 917.999
RACH INFO SF 918080 WIN 1 COLLISIONS 0 TOT 1
	 UE 10 mcs 7 data to translate: 0
**** NO PHY ERROR (node 1) ****
RX CBR ID 152 B 8 SIZE 128 SRC 10 DST 1 D 0.401
TX CBR ID 153 B 1 SIZE 133 SRC 3 DST 1 T 934.238
RACH INFO SF 934400 WIN 1 COLLISIONS 0 TOT 1
	 UE 3 mcs 4 data to translate: 56
**** NO PHY ERROR (node 1) ****
	 UE 3 mcs 4 data to translate: 0
**** NO PHY ERROR (node 1) ****
RX CBR ID 153 B 1 SIZE 128 SRC 3 DST 1 D 0.738
TX CBR ID 154 B 3 SIZE 133 SRC 5 DST 1 T 937.418
RACH INFO SF 937600 WIN 1 COLLISIONS 0 TOT 1
	 UE 5 mcs 4 data to translate: 56
**** NO PHY ERROR (node 1) ****
	 UE 5 mcs 4 data to translate: 0
**** NO PHY ERROR (node 1) ****
RX CBR ID 154 B 3 SIZE 128 SRC 5 DST 1 D 0.758
TX CBR ID 155 B 6 SIZE 133 SRC 8 DST 1 T 939.253
RACH INFO SF 939520 WIN 1 COLLISIONS 0 TOT 1
	 UE 8 mcs 10 data to translate: 0
**** NO PHY ERROR (node 1) ****
RX CBR ID 155 B 6 SIZE 128 SRC 8 DST 1 D 0.523
TX CBR ID 156 B 7 SIZE 133 SRC 9 DST 1 T 947.281
RACH INFO SF 947520 WIN 1 COLLISIONS 0 TOT 1
	 UE 9 mcs 9 data to translate: 0
**** NO PHY ERROR (node 1) ****
RX CBR ID 156 B 7 SIZE 128 SRC 9 DST 1 D 0.495
TX CBR ID 157 B 0 SIZE 133 SRC 2 DST 1 T 955.699
RACH INFO SF 955840 WIN 1 COLLISIONS 0 TOT 1
	 UE 2 mcs 6 data to translate: 16
**** NO PHY ERROR (node 1) ****
	 UE 2 mcs 6 data to translate: 0
**** NO PHY ERROR (node 1) ****
RX CBR ID 157 B 0 SIZE 128 SRC 2 DST 1 D 0.557
TX CBR ID 158 B 9 SIZE 133 SRC 11 DST 1 T 957.96
RACH INFO SF 958080 WIN 1 COLLISIONS 0 TOT 1
TX CBR ID 159 B 2 SIZE 133 SRC 4 DST 1 T 958.134
	 UE 11 mcs 10 data to translate: 0
**** NO PHY ERROR (node 1) ****
RX CBR ID 158 B 9 SIZE 128 SRC 11 DST 1 D 0.376
RACH INFO SF 958400 WIN 1 COLLISIONS 0 TOT 1
	 UE 4 mcs 8 data to translate: 0
**** NO PHY ERROR (node 1) ****
RX CBR ID 159 B 2 SIZE 128 SRC 4 DST 1 D 0.586
TX CBR ID 160 B 4 SIZE 133 SRC 6 DST 1 T 970.401
RACH INFO SF 970560 WIN 1 COLLISIONS 0 TOT 1
	 UE 6 mcs 10 data to translate: 0
**** NO PHY ERROR (node 1) ****
RX CBR ID 160 B 4 SIZE 128 SRC 6 DST 1 D 0.415
TX CBR ID 161 B 5 SIZE 133 SRC 7 DST 1 T 974.095
RACH INFO SF 974400 WIN 1 COLLISIONS 0 TOT 1
	 UE 7 mcs 6 data to translate: 16
**** NO PHY ERROR (node 1) ****
	 UE 7 mcs 6 data to translate: 0
**** NO PHY ERROR (node 1) ****
RX CBR ID 161 B 5 SIZE 128 SRC 7 DST 1 D 0.721
TX CBR ID 162 B 8 SIZE 133 SRC 10 DST 1 T 977.999
RACH INFO SF 978240 WIN 1 COLLISIONS 0 TOT 1
	 UE 10 mcs 7 data to translate: 0
**** NO PHY ERROR (node 1) ****
RX CBR ID 162 B 8 SIZE 128 SRC 10 DST 1 D 0.561
TX CBR ID 163 B 1 SIZE 133 SRC 3 DST 1 T 994.238
RACH INFO SF 994240 WIN 1 COLLISIONS 0 TOT 1
	 UE 3 mcs 4 data to translate: 56
**** NO PHY ERROR (node 1) ****
	 UE 3 mcs 4 data to translate: 0
**** NO PHY ERROR (node 1) ****
RX CBR ID 163 B 1 SIZE 128 SRC 3 DST 1 D 0.578
TX CBR ID 164 B 3 SIZE 133 SRC 5 DST 1 T 997.418
RACH INFO SF 997440 WIN 1 COLLISIONS 0 TOT 1
	 UE 5 mcs 4 data to translate: 56
**** NO PHY ERROR (node 1) ****
	 UE 5 mcs 4 data to translate: 0
**** NO PHY ERROR (node 1) ****
RX CBR ID 164 B 3 SIZE 128 SRC 5 DST 1 D 0.598
TX CBR ID 165 B 6 SIZE 133 SRC 8 DST 1 T 999.253
RACH INFO SF 999360 WIN 1 COLLISIONS 0 TOT 1
	 UE 8 mcs 10 data to translate: 0
**** NO PHY ERROR (node 1) ****
RX CBR ID 165 B 6 SIZE 128 SRC 8 DST 1 D 0.363
TX CBR ID 166 B 7 SIZE 133 SRC 9 DST 1 T 1007.28
RACH INFO SF 1007360 WIN 1 COLLISIONS 0 TOT 1
	 UE 9 mcs 9 data to translate: 0
**** NO PHY ERROR (node 1) ****
RX CBR ID 166 B 7 SIZE 128 SRC 9 DST 1 D 0.335
TX CBR ID 167 B 0 SIZE 133 SRC 2 DST 1 T 1015.7
RACH INFO SF 1016000 WIN 1 COLLISIONS 0 TOT 1
	 UE 2 mcs 6 data to translate: 16
**** NO PHY ERROR (node 1) ****
	 UE 2 mcs 6 data to translate: 0
**** NO PHY ERROR (node 1) ****
RX CBR ID 167 B 0 SIZE 128 SRC 2 DST 1 D 0.717
TX CBR ID 168 B 9 SIZE 133 SRC 11 DST 1 T 1017.96
TX CBR ID 169 B 2 SIZE 133 SRC 4 DST 1 T 1018.13
RACH INFO SF 1018240 WIN 2 COLLISIONS 0 TOT 2
	 UE 11 mcs 10 data to translate: 0
**** NO PHY ERROR (node 1) ****
RX CBR ID 168 B 9 SIZE 128 SRC 11 DST 1 D 0.536
	 UE 4 mcs 8 data to translate: 0
**** NO PHY ERROR (node 1) ****
RX CBR ID 169 B 2 SIZE 128 SRC 4 DST 1 D 0.426
TX CBR ID 170 B 4 SIZE 133 SRC 6 DST 1 T 1030.4
RACH INFO SF 1030720 WIN 1 COLLISIONS 0 TOT 1
	 UE 6 mcs 10 data to translate: 0
**** NO PHY ERROR (node 1) ****
RX CBR ID 170 B 4 SIZE 128 SRC 6 DST 1 D 0.575
TX CBR ID 171 B 5 SIZE 133 SRC 7 DST 1 T 1034.1
RACH INFO SF 1034240 WIN 1 COLLISIONS 0 TOT 1
	 UE 7 mcs 6 data to translate: 16
**** NO PHY ERROR (node 1) ****
	 UE 7 mcs 6 data to translate: 0
**** NO PHY ERROR (node 1) ****
RX CBR ID 171 B 5 SIZE 128 SRC 7 DST 1 D 0.561
TX CBR ID 172 B 8 SIZE 133 SRC 10 DST 1 T 1038
RACH INFO SF 1038080 WIN 1 COLLISIONS 0 TOT 1
	 UE 10 mcs 7 data to translate: 0
**** NO PHY ERROR (node 1) ****
RX CBR ID 172 B 8 SIZE 128 SRC 10 DST 1 D 0.401
TX CBR ID 173 B 1 SIZE 133 SRC 3 DST 1 T 1054.24
RACH INFO SF 1054400 WIN 1 COLLISIONS 0 TOT 1
	 UE 3 mcs 4 data to translate: 56
**** NO PHY ERROR (node 1) ****
	 UE 3 mcs 4 data to translate: 0
**** NO PHY ERROR (node 1) ****
RX CBR ID 173 B 1 SIZE 128 SRC 3 DST 1 D 0.738
TX CBR ID 174 B 3 SIZE 133 SRC 5 DST 1 T 1057.42
RACH INFO SF 1057600 WIN 1 COLLISIONS 0 TOT 1
	 UE 5 mcs 4 data to translate: 56
**** NO PHY ERROR (node 1) ****
	 UE 5 mcs 4 data to translate: 0
**** NO PHY ERROR (node 1) ****
RX CBR ID 174 B 3 SIZE 128 SRC 5 DST 1 D 0.758
TX CBR ID 175 B 6 SIZE 133 SRC 8 DST 1 T 1059.25
RACH INFO SF 1059520 WIN 1 COLLISIONS 0 TOT 1
	 UE 8 mcs 10 data to translate: 0
**** NO PHY ERROR (node 1) ****
RX CBR ID 175 B 6 SIZE 128 SRC 8 DST 1 D 0.523
TX CBR ID 176 B 7 SIZE 133 SRC 9 DST 1 T 1067.28
RACH INFO SF 1067520 WIN 1 COLLISIONS 0 TOT 1
	 UE 9 mcs 9 data to translate: 0
**** NO PHY ERROR (node 1) ****
RX CBR ID 176 B 7 SIZE 128 SRC 9 DST 1 D 0.495
TX CBR ID 177 B 0 SIZE 133 SRC 2 DST 1 T 1075.7
RACH INFO SF 1075840 WIN 1 COLLISIONS 0 TOT 1
	 UE 2 mcs 6 data to translate: 16
**** NO PHY ERROR (node 1) ****
	 UE 2 mcs 6 data to translate: 0
**** NO PHY ERROR (node 1) ****
RX CBR ID 177 B 0 SIZE 128 SRC 2 DST 1 D 0.557
TX CBR ID 178 B 9 SIZE 133 SRC 11 DST 1 T 1077.96
RACH INFO SF 1078080 WIN 1 COLLISIONS 0 TOT 1
TX CBR ID 179 B 2 SIZE 133 SRC 4 DST 1 T 1078.13
	 UE 11 mcs 10 data to translate: 0
**** NO PHY ERROR (node 1) ****
RX CBR ID 178 B 9 SIZE 128 SRC 11 DST 1 D 0.376
RACH INFO SF 1078400 WIN 1 COLLISIONS 0 TOT 1
	 UE 4 mcs 8 data to translate: 0
**** NO PHY ERROR (node 1) ****
RX CBR ID 179 B 2 SIZE 128 SRC 4 DST 1 D 0.586
TX CBR ID 180 B 4 SIZE 133 SRC 6 DST 1 T 1090.4
RACH INFO SF 1090560 WIN 1 COLLISIONS 0 TOT 1
	 UE 6 mcs 10 data to translate: 0
**** NO PHY ERROR (node 1) ****
RX CBR ID 180 B 4 SIZE 128 SRC 6 DST 1 D 0.415
TX CBR ID 181 B 5 SIZE 133 SRC 7 DST 1 T 1094.1
RACH INFO SF 1094400 WIN 1 COLLISIONS 0 TOT 1
	 UE 7 mcs 6 data to translate: 16
**** NO PHY ERROR (node 1) ****
	 UE 7 mcs 6 data to translate: 0
**** NO PHY ERROR (node 1) ****
RX CBR ID 181 B 5 SIZE 128 SRC 7 DST 1 D 0.721
TX CBR ID 182 B 8 SIZE 133 SRC 10 DST 1 T 1098
RACH INFO SF 1098240 WIN 1 COLLISIONS 0 TOT 1
	 UE 10 mcs 7 data to translate: 0
**** NO PHY ERROR (node 1) ****
RX CBR ID 182 B 8 SIZE 128 SRC 10 DST 1 D 0.561
TX CBR ID 183 B 1 SIZE 133 SRC 3 DST 1 T 1114.24
RACH INFO SF 1114240 WIN 1 COLLISIONS 0 TOT 1
	 UE 3 mcs 4 data to translate: 56
**** NO PHY ERROR (node 1) ****
	 UE 3 mcs 4 data to translate: 0
**** NO PHY ERROR (node 1) ****
RX CBR ID 183 B 1 SIZE 128 SRC 3 DST 1 D 0.578
TX CBR ID 184 B 3 SIZE 133 SRC 5 DST 1 T 1117.42
RACH INFO SF 1117440 WIN 1 COLLISIONS 0 TOT 1
	 UE 5 mcs 4 data to translate: 56
**** NO PHY ERROR (node 1) ****
	 UE 5 mcs 4 data to translate: 0
**** NO PHY ERROR (node 1) ****
RX CBR ID 184 B 3 SIZE 128 SRC 5 DST 1 D 0.598
TX CBR ID 185 B 6 SIZE 133 SRC 8 DST 1 T 1119.25
RACH INFO SF 1119360 WIN 1 COLLISIONS 0 TOT 1
	 UE 8 mcs 10 data to translate: 0
**** NO PHY ERROR (node 1) ****
RX CBR ID 185 B 6 SIZE 128 SRC 8 DST 1 D 0.363
TX CBR ID 186 B 7 SIZE 133 SRC 9 DST 1 T 1127.28
RACH INFO SF 1127360 WIN 1 COLLISIONS 0 TOT 1
	 UE 9 mcs 9 data to translate: 0
**** NO PHY ERROR (node 1) ****
RX CBR ID 186 B 7 SIZE 128 SRC 9 DST 1 D 0.335
TX CBR ID 187 B 0 SIZE 133 SRC 2 DST 1 T 1135.7
RACH INFO SF 1136000 WIN 1 COLLISIONS 0 TOT 1
	 UE 2 mcs 6 data to translate: 16
**** NO PHY ERROR (node 1) ****
	 UE 2 mcs 6 data to translate: 0
**** NO PHY ERROR (node 1) ****
RX CBR ID 187 B 0 SIZE 128 SRC 2 DST 1 D 0.717
TX CBR ID 188 B 9 SIZE 133 SRC 11 DST 1 T 1137.96
TX CBR ID 189 B 2 SIZE 133 SRC 4 DST 1 T 1138.13
RACH INFO SF 1138240 WIN 0 COLLISIONS 2 TOT 2
RACH INFO SF 1138560 WIN 2 COLLISIONS 0 TOT 2
	 UE 11 mcs 10 data to translate: 0
**** NO PHY ERROR (node 1) ****
RX CBR ID 188 B 9 SIZE 128 SRC 11 DST 1 D 0.856
	 UE 4 mcs 8 data to translate: 0
**** NO PHY ERROR (node 1) ****
RX CBR ID 189 B 2 SIZE 128 SRC 4 DST 1 D 0.746
TX CBR ID 190 B 4 SIZE 133 SRC 6 DST 1 T 1150.4
RACH INFO SF 1150720 WIN 1 COLLISIONS 0 TOT 1
	 UE 6 mcs 10 data to translate: 0
**** NO PHY ERROR (node 1) ****
RX CBR ID 190 B 4 SIZE 128 SRC 6 DST 1 D 0.575
TX CBR ID 191 B 5 SIZE 133 SRC 7 DST 1 T 1154.1
RACH INFO SF 1154240 WIN 1 COLLISIONS 0 TOT 1
	 UE 7 mcs 6 data to translate: 16
**** NO PHY ERROR (node 1) ****
	 UE 7 mcs 6 data to translate: 0
**** NO PHY ERROR (node 1) ****
RX CBR ID 191 B 5 SIZE 128 SRC 7 DST 1 D 0.561
TX CBR ID 192 B 8 SIZE 133 SRC 10 DST 1 T 1158
RACH INFO SF 1158080 WIN 1 COLLISIONS 0 TOT 1
	 UE 10 mcs 7 data to translate: 0
**** NO PHY ERROR (node 1) ****
RX CBR ID 192 B 8 SIZE 128 SRC 10 DST 1 D 0.401
TX CBR ID 193 B 1 SIZE 133 SRC 3 DST 1 T 1174.24
RACH INFO SF 1174400 WIN 1 COLLISIONS 0 TOT 1
	 UE 3 mcs 4 data to translate: 56
**** NO PHY ERROR (node 1) ****
	 UE 3 mcs 4 data to translate: 0
**** NO PHY ERROR (node 1) ****
RX CBR ID 193 B 1 SIZE 128 SRC 3 DST 1 D 0.738
TX CBR ID 194 B 3 SIZE 133 SRC 5 DST 1 T 1177.42
RACH INFO SF 1177600 WIN 1 COLLISIONS 0 TOT 1
	 UE 5 mcs 4 data to translate: 56
**** NO PHY ERROR (node 1) ****
	 UE 5 mcs 4 data to translate: 0
**** NO PHY ERROR (node 1) ****
RX CBR ID 194 B 3 SIZE 128 SRC 5 DST 1 D 0.758
TX CBR ID 195 B 6 SIZE 133 SRC 8 DST 1 T 1179.25
RACH INFO SF 1179520 WIN 1 COLLISIONS 0 TOT 1
	 UE 8 mcs 10 data to translate: 0
**** NO PHY ERROR (node 1) ****
RX CBR ID 195 B 6 SIZE 128 SRC 8 DST 1 D 0.523
TX CBR ID 196 B 7 SIZE 133 SRC 9 DST 1 T 1187.28
RACH INFO SF 1187520 WIN 1 COLLISIONS 0 TOT 1
	 UE 9 mcs 9 data to translate: 0
**** NO PHY ERROR (node 1) ****
RX CBR ID 196 B 7 SIZE 128 SRC 9 DST 1 D 0.495
TX CBR ID 197 B 0 SIZE 133 SRC 2 DST 1 T 1195.7
RACH INFO SF 1195840 WIN 1 COLLISIONS 0 TOT 1
	 UE 2 mcs 6 data to translate: 16
**** NO PHY ERROR (node 1) ****
	 UE 2 mcs 6 data to translate: 0
**** NO PHY ERROR (node 1) ****
RX CBR ID 197 B 0 SIZE 128 SRC 2 DST 1 D 0.557
TX CBR ID 198 B 9 SIZE 133 SRC 11 DST 1 T 1197.96
RACH INFO SF 1198080 WIN 1 COLLISIONS 0 TOT 1
TX CBR ID 199 B 2 SIZE 133 SRC 4 DST 1 T 1198.13
	 UE 11 mcs 10 data to translate: 0
**** NO PHY ERROR (node 1) ****
RX CBR ID 198 B 9 SIZE 128 SRC 11 DST 1 D 0.376
RACH INFO SF 1198400 WIN 1 COLLISIONS 0 TOT 1
	 UE 4 mcs 8 data to translate: 0
**** NO PHY ERROR (node 1) ****
RX CBR ID 199 B 2 SIZE 128 SRC 4 DST 1 D 0.586
TX CBR ID 200 B 4 SIZE 133 SRC 6 DST 1 T 1210.4
RACH INFO SF 1210560 WIN 1 COLLISIONS 0 TOT 1
	 UE 6 mcs 10 data to translate: 0
**** NO PHY ERROR (node 1) ****
RX CBR ID 200 B 4 SIZE 128 SRC 6 DST 1 D 0.415
TX CBR ID 201 B 5 SIZE 133 SRC 7 DST 1 T 1214.1
RACH INFO SF 1214400 WIN 1 COLLISIONS 0 TOT 1
	 UE 7 mcs 6 data to translate: 16
**** NO PHY ERROR (node 1) ****
	 UE 7 mcs 6 data to translate: 0
**** NO PHY ERROR (node 1) ****
RX CBR ID 201 B 5 SIZE 128 SRC 7 DST 1 D 0.721
TX CBR ID 202 B 8 SIZE 133 SRC 10 DST 1 T 1218
RACH INFO SF 1218240 WIN 1 COLLISIONS 0 TOT 1
	 UE 10 mcs 7 data to translate: 0
**** NO PHY ERROR (node 1) ****
RX CBR ID 202 B 8 SIZE 128 SRC 10 DST 1 D 0.561
TX CBR ID 203 B 1 SIZE 133 SRC 3 DST 1 T 1234.24
RACH INFO SF 1234240 WIN 1 COLLISIONS 0 TOT 1
	 UE 3 mcs 4 data to translate: 56
**** NO PHY ERROR (node 1) ****
	 UE 3 mcs 4 data to translate: 0
**** NO PHY ERROR (node 1) ****
RX CBR ID 203 B 1 SIZE 128 SRC 3 DST 1 D 0.578
TX CBR ID 204 B 3 SIZE 133 SRC 5 DST 1 T 1237.42
RACH INFO SF 1237440 WIN 1 COLLISIONS 0 TOT 1
	 UE 5 mcs 4 data to translate: 56
**** NO PHY ERROR (node 1) ****
	 UE 5 mcs 4 data to translate: 0
**** NO PHY ERROR (node 1) ****
RX CBR ID 204 B 3 SIZE 128 SRC 5 DST 1 D 0.598
TX CBR ID 205 B 6 SIZE 133 SRC 8 DST 1 T 1239.25
RACH INFO SF 1239360 WIN 1 COLLISIONS 0 TOT 1
	 UE 8 mcs 10 data to translate: 0
**** NO PHY ERROR (node 1) ****
RX CBR ID 205 B 6 SIZE 128 SRC 8 DST 1 D 0.363
TX CBR ID 206 B 7 SIZE 133 SRC 9 DST 1 T 1247.28
RACH INFO SF 1247360 WIN 1 COLLISIONS 0 TOT 1
	 UE 9 mcs 9 data to translate: 0
**** NO PHY ERROR (node 1) ****
RX CBR ID 206 B 7 SIZE 128 SRC 9 DST 1 D 0.335
TX CBR ID 207 B 0 SIZE 133 SRC 2 DST 1 T 1255.7
RACH INFO SF 1256000 WIN 1 COLLISIONS 0 TOT 1
	 UE 2 mcs 6 data to translate: 16
**** NO PHY ERROR (node 1) ****
	 UE 2 mcs 6 data to translate: 0
**** NO PHY ERROR (node 1) ****
RX CBR ID 207 B 0 SIZE 128 SRC 2 DST 1 D 0.717
TX CBR ID 208 B 9 SIZE 133 SRC 11 DST 1 T 1257.96
TX CBR ID 209 B 2 SIZE 133 SRC 4 DST 1 T 1258.13
RACH INFO SF 1258240 WIN 2 COLLISIONS 0 TOT 2
	 UE 11 mcs 10 data to translate: 0
**** NO PHY ERROR (node 1) ****
RX CBR ID 208 B 9 SIZE 128 SRC 11 DST 1 D 0.536
	 UE 4 mcs 8 data to translate: 0
**** NO PHY ERROR (node 1) ****
RX CBR ID 209 B 2 SIZE 128 SRC 4 DST 1 D 0.426
TX CBR ID 210 B 4 SIZE 133 SRC 6 DST 1 T 1270.4
RACH INFO SF 1270720 WIN 1 COLLISIONS 0 TOT 1
	 UE 6 mcs 10 data to translate: 0
**** NO PHY ERROR (node 1) ****
RX CBR ID 210 B 4 SIZE 128 SRC 6 DST 1 D 0.575
TX CBR ID 211 B 5 SIZE 133 SRC 7 DST 1 T 1274.1
RACH INFO SF 1274240 WIN 1 COLLISIONS 0 TOT 1
	 UE 7 mcs 6 data to translate: 16
**** NO PHY ERROR (node 1) ****
	 UE 7 mcs 6 data to translate: 0
**** NO PHY ERROR (node 1) ****
RX CBR ID 211 B 5 SIZE 128 SRC 7 DST 1 D 0.561
TX CBR ID 212 B 8 SIZE 133 SRC 10 DST 1 T 1278
RACH INFO SF 1278080 WIN 1 COLLISIONS 0 TOT 1
	 UE 10 mcs 7 data to translate: 0
**** NO PHY ERROR (node 1) ****
RX CBR ID 212 B 8 SIZE 128 SRC 10 DST 1 D 0.401
TX CBR ID 213 B 1 SIZE 133 SRC 3 DST 1 T 1294.24
RACH INFO SF 1294400 WIN 1 COLLISIONS 0 TOT 1
	 UE 3 mcs 4 data to translate: 56
**** NO PHY ERROR (node 1) ****
	 UE 3 mcs 4 data to translate: 0
**** NO PHY ERROR (node 1) ****
RX CBR ID 213 B 1 SIZE 128 SRC 3 DST 1 D 0.738
TX CBR ID 214 B 3 SIZE 133 SRC 5 DST 1 T 1297.42
RACH INFO SF 1297600 WIN 1 COLLISIONS 0 TOT 1
	 UE 5 mcs 4 data to translate: 56
**** NO PHY ERROR (node 1) ****
	 UE 5 mcs 4 data to translate: 0
**** NO PHY ERROR (node 1) ****
RX CBR ID 214 B 3 SIZE 128 SRC 5 DST 1 D 0.758
TX CBR ID 215 B 6 SIZE 133 SRC 8 DST 1 T 1299.25
RACH INFO SF 1299520 WIN 1 COLLISIONS 0 TOT 1
	 UE 8 mcs 10 data to translate: 0
**** NO PHY ERROR (node 1) ****
RX CBR ID 215 B 6 SIZE 128 SRC 8 DST 1 D 0.523
TX CBR ID 216 B 7 SIZE 133 SRC 9 DST 1 T 1307.28
RACH INFO SF 1307520 WIN 1 COLLISIONS 0 TOT 1
	 UE 9 mcs 9 data to translate: 0
**** NO PHY ERROR (node 1) ****
RX CBR ID 216 B 7 SIZE 128 SRC 9 DST 1 D 0.495
TX CBR ID 217 B 0 SIZE 133 SRC 2 DST 1 T 1315.7
RACH INFO SF 1315840 WIN 1 COLLISIONS 0 TOT 1
	 UE 2 mcs 6 data to translate: 16
**** NO PHY ERROR (node 1) ****
	 UE 2 mcs 6 data to translate: 0
**** NO PHY ERROR (node 1) ****
RX CBR ID 217 B 0 SIZE 128 SRC 2 DST 1 D 0.557
TX CBR ID 218 B 9 SIZE 133 SRC 11 DST 1 T 1317.96
RACH INFO SF 1318080 WIN 1 COLLISIONS 0 TOT 1
TX CBR ID 219 B 2 SIZE 133 SRC 4 DST 1 T 1318.13
	 UE 11 mcs 10 data to translate: 0
**** NO PHY ERROR (node 1) ****
RX CBR ID 218 B 9 SIZE 128 SRC 11 DST 1 D 0.376
RACH INFO SF 1318400 WIN 1 COLLISIONS 0 TOT 1
	 UE 4 mcs 8 data to translate: 0
**** NO PHY ERROR (node 1) ****
RX CBR ID 219 B 2 SIZE 128 SRC 4 DST 1 D 0.586
TX CBR ID 220 B 4 SIZE 133 SRC 6 DST 1 T 1330.4
RACH INFO SF 1330560 WIN 1 COLLISIONS 0 TOT 1
	 UE 6 mcs 10 data to translate: 0
**** NO PHY ERROR (node 1) ****
RX CBR ID 220 B 4 SIZE 128 SRC 6 DST 1 D 0.415
TX CBR ID 221 B 5 SIZE 133 SRC 7 DST 1 T 1334.1
RACH INFO SF 1334400 WIN 1 COLLISIONS 0 TOT 1
	 UE 7 mcs 6 data to translate: 16
**** NO PHY ERROR (node 1) ****
	 UE 7 mcs 6 data to translate: 0
**** NO PHY ERROR (node 1) ****
RX CBR ID 221 B 5 SIZE 128 SRC 7 DST 1 D 0.721
TX CBR ID 222 B 8 SIZE 133 SRC 10 DST 1 T 1338
RACH INFO SF 1338240 WIN 1 COLLISIONS 0 TOT 1
	 UE 10 mcs 7 data to translate: 0
**** NO PHY ERROR (node 1) ****
RX CBR ID 222 B 8 SIZE 128 SRC 10 DST 1 D 0.561
TX CBR ID 223 B 1 SIZE 133 SRC 3 DST 1 T 1354.24
RACH INFO SF 1354240 WIN 1 COLLISIONS 0 TOT 1
	 UE 3 mcs 4 data to translate: 56
**** NO PHY ERROR (node 1) ****
	 UE 3 mcs 4 data to translate: 0
**** NO PHY ERROR (node 1) ****
RX CBR ID 223 B 1 SIZE 128 SRC 3 DST 1 D 0.578
TX CBR ID 224 B 3 SIZE 133 SRC 5 DST 1 T 1357.42
RACH INFO SF 1357440 WIN 1 COLLISIONS 0 TOT 1
	 UE 5 mcs 4 data to translate: 56
**** NO PHY ERROR (node 1) ****
	 UE 5 mcs 4 data to translate: 0
**** NO PHY ERROR (node 1) ****
RX CBR ID 224 B 3 SIZE 128 SRC 5 DST 1 D 0.598
TX CBR ID 225 B 6 SIZE 133 SRC 8 DST 1 T 1359.25
RACH INFO SF 1359360 WIN 1 COLLISIONS 0 TOT 1
	 UE 8 mcs 10 data to translate: 0
**** NO PHY ERROR (node 1) ****
RX CBR ID 225 B 6 SIZE 128 SRC 8 DST 1 D 0.363
TX CBR ID 226 B 7 SIZE 133 SRC 9 DST 1 T 1367.28
RACH INFO SF 1367360 WIN 1 COLLISIONS 0 TOT 1
	 UE 9 mcs 9 data to translate: 0
**** NO PHY ERROR (node 1) ****
RX CBR ID 226 B 7 SIZE 128 SRC 9 DST 1 D 0.335
TX CBR ID 227 B 0 SIZE 133 SRC 2 DST 1 T 1375.7
RACH INFO SF 1376000 WIN 1 COLLISIONS 0 TOT 1
	 UE 2 mcs 6 data to translate: 16
**** NO PHY ERROR (node 1) ****
	 UE 2 mcs 6 data to translate: 0
**** NO PHY ERROR (node 1) ****
RX CBR ID 227 B 0 SIZE 128 SRC 2 DST 1 D 0.717
TX CBR ID 228 B 9 SIZE 133 SRC 11 DST 1 T 1377.96
TX CBR ID 229 B 2 SIZE 133 SRC 4 DST 1 T 1378.13
RACH INFO SF 1378240 WIN 2 COLLISIONS 0 TOT 2
	 UE 11 mcs 10 data to translate: 0
**** NO PHY ERROR (node 1) ****
RX CBR ID 228 B 9 SIZE 128 SRC 11 DST 1 D 0.536
	 UE 4 mcs 8 data to translate: 0
**** NO PHY ERROR (node 1) ****
RX CBR ID 229 B 2 SIZE 128 SRC 4 DST 1 D 0.426
TX CBR ID 230 B 4 SIZE 133 SRC 6 DST 1 T 1390.4
RACH INFO SF 1390720 WIN 1 COLLISIONS 0 TOT 1
	 UE 6 mcs 10 data to translate: 0
**** NO PHY ERROR (node 1) ****
RX CBR ID 230 B 4 SIZE 128 SRC 6 DST 1 D 0.575
TX CBR ID 231 B 5 SIZE 133 SRC 7 DST 1 T 1394.1
RACH INFO SF 1394240 WIN 1 COLLISIONS 0 TOT 1
	 UE 7 mcs 6 data to translate: 16
**** NO PHY ERROR (node 1) ****
	 UE 7 mcs 6 data to translate: 0
**** NO PHY ERROR (node 1) ****
RX CBR ID 231 B 5 SIZE 128 SRC 7 DST 1 D 0.561
TX CBR ID 232 B 8 SIZE 133 SRC 10 DST 1 T 1398
RACH INFO SF 1398080 WIN 1 COLLISIONS 0 TOT 1
	 UE 10 mcs 7 data to translate: 0
**** NO PHY ERROR (node 1) ****
RX CBR ID 232 B 8 SIZE 128 SRC 10 DST 1 D 0.401
TX CBR ID 233 B 1 SIZE 133 SRC 3 DST 1 T 1414.24
RACH INFO SF 1414400 WIN 1 COLLISIONS 0 TOT 1
	 UE 3 mcs 4 data to translate: 56
**** NO PHY ERROR (node 1) ****
	 UE 3 mcs 4 data to translate: 0
**** NO PHY ERROR (node 1) ****
RX CBR ID 233 B 1 SIZE 128 SRC 3 DST 1 D 0.738
TX CBR ID 234 B 3 SIZE 133 SRC 5 DST 1 T 1417.42
RACH INFO SF 1417600 WIN 1 COLLISIONS 0 TOT 1
	 UE 5 mcs 4 data to translate: 56
**** NO PHY ERROR (node 1) ****
	 UE 5 mcs 4 data to translate: 0
**** NO PHY ERROR (node 1) ****
RX CBR ID 234 B 3 SIZE 128 SRC 5 DST 1 D 0.758
TX CBR ID 235 B 6 SIZE 133 SRC 8 DST 1 T 1419.25
RACH INFO SF 1419520 WIN 1 COLLISIONS 0 TOT 1
	 UE 8 mcs 10 data to translate: 0
**** NO PHY ERROR (node 1) ****
RX CBR ID 235 B 6 SIZE 128 SRC 8 DST 1 D 0.523
TX CBR ID 236 B 7 SIZE 133 SRC 9 DST 1 T 1427.28
RACH INFO SF 1427520 WIN 1 COLLISIONS 0 TOT 1
	 UE 9 mcs 9 data to translate: 0
**** NO PHY ERROR (node 1) ****
RX CBR ID 236 B 7 SIZE 128 SRC 9 DST 1 D 0.495
TX CBR ID 237 B 0 SIZE 133 SRC 2 DST 1 T 1435.7
RACH INFO SF 1435840 WIN 1 COLLISIONS 0 TOT 1
	 UE 2 mcs 6 data to translate: 16
**** NO PHY ERROR (node 1) ****
	 UE 2 mcs 6 data to translate: 0
**** NO PHY ERROR (node 1) ****
RX CBR ID 237 B 0 SIZE 128 SRC 2 DST 1 D 0.557
TX CBR ID 238 B 9 SIZE 133 SRC 11 DST 1 T 1437.96
RACH INFO SF 1438080 WIN 1 COLLISIONS 0 TOT 1
TX CBR ID 239 B 2 SIZE 133 SRC 4 DST 1 T 1438.13
	 UE 11 mcs 10 data to translate: 0
**** NO PHY ERROR (node 1) ****
RX CBR ID 238 B 9 SIZE 128 SRC 11 DST 1 D 0.376
RACH INFO SF 1438400 WIN 1 COLLISIONS 0 TOT 1
	 UE 4 mcs 8 data to translate: 0
**** NO PHY ERROR (node 1) ****
RX CBR ID 239 B 2 SIZE 128 SRC 4 DST 1 D 0.586
TX CBR ID 240 B 4 SIZE 133 SRC 6 DST 1 T 1450.4
RACH INFO SF 1450560 WIN 1 COLLISIONS 0 TOT 1
	 UE 6 mcs 10 data to translate: 0
**** NO PHY ERROR (node 1) ****
RX CBR ID 240 B 4 SIZE 128 SRC 6 DST 1 D 0.415
TX CBR ID 241 B 5 SIZE 133 SRC 7 DST 1 T 1454.1
RACH INFO SF 1454400 WIN 1 COLLISIONS 0 TOT 1
	 UE 7 mcs 6 data to translate: 16
**** NO PHY ERROR (node 1) ****
	 UE 7 mcs 6 data to translate: 0
**** NO PHY ERROR (node 1) ****
RX CBR ID 241 B 5 SIZE 128 SRC 7 DST 1 D 0.721
TX CBR ID 242 B 8 SIZE 133 SRC 10 DST 1 T 1458
RACH INFO SF 1458240 WIN 1 COLLISIONS 0 TOT 1
	 UE 10 mcs 7 data to translate: 0
**** NO PHY ERROR (node 1) ****
RX CBR ID 242 B 8 SIZE 128 SRC 10 DST 1 D 0.561
TX CBR ID 243 B 1 SIZE 133 SRC 3 DST 1 T 1474.24
RACH INFO SF 1474240 WIN 1 COLLISIONS 0 TOT 1
	 UE 3 mcs 4 data to translate: 56
**** NO PHY ERROR (node 1) ****
	 UE 3 mcs 4 data to translate: 0
**** NO PHY ERROR (node 1) ****
RX CBR ID 243 B 1 SIZE 128 SRC 3 DST 1 D 0.578
TX CBR ID 244 B 3 SIZE 133 SRC 5 DST 1 T 1477.42
RACH INFO SF 1477440 WIN 1 COLLISIONS 0 TOT 1
	 UE 5 mcs 4 data to translate: 56
**** NO PHY ERROR (node 1) ****
	 UE 5 mcs 4 data to translate: 0
**** NO PHY ERROR (node 1) ****
RX CBR ID 244 B 3 SIZE 128 SRC 5 DST 1 D 0.598
TX CBR ID 245 B 6 SIZE 133 SRC 8 DST 1 T 1479.25
RACH INFO SF 1479360 WIN 1 COLLISIONS 0 TOT 1
	 UE 8 mcs 10 data to translate: 0
**** NO PHY ERROR (node 1) ****
RX CBR ID 245 B 6 SIZE 128 SRC 8 DST 1 D 0.363
TX CBR ID 246 B 7 SIZE 133 SRC 9 DST 1 T 1487.28
RACH INFO SF 1487360 WIN 1 COLLISIONS 0 TOT 1
	 UE 9 mcs 9 data to translate: 0
**** NO PHY ERROR (node 1) ****
RX CBR ID 246 B 7 SIZE 128 SRC 9 DST 1 D 0.335
TX CBR ID 247 B 0 SIZE 133 SRC 2 DST 1 T 1495.7
RACH INFO SF 1496000 WIN 1 COLLISIONS 0 TOT 1
	 UE 2 mcs 6 data to translate: 16
**** NO PHY ERROR (node 1) ****
	 UE 2 mcs 6 data to translate: 0
**** NO PHY ERROR (node 1) ****
RX CBR ID 247 B 0 SIZE 128 SRC 2 DST 1 D 0.717
TX CBR ID 248 B 9 SIZE 133 SRC 11 DST 1 T 1497.96
TX CBR ID 249 B 2 SIZE 133 SRC 4 DST 1 T 1498.13
RACH INFO SF 1498240 WIN 2 COLLISIONS 0 TOT 2
	 UE 11 mcs 10 data to translate: 0
**** NO PHY ERROR (node 1) ****
RX CBR ID 248 B 9 SIZE 128 SRC 11 DST 1 D 0.536
	 UE 4 mcs 8 data to translate: 0
**** NO PHY ERROR (node 1) ****
RX CBR ID 249 B 2 SIZE 128 SRC 4 DST 1 D 0.426
 SIMULATOR_DEBUG: Stop (22939453 events)
