Simulation with SEED = 1
Duration: 1500 flow: 1500
TTI Length: 32ms 
Scheduler NB RR 
Created eNB - id 1 position (0;0)
ZONE 6 LOW EDGE 363 DISTANCE 398.853
Created UE - id 2 position 282.032 282.032
CREATED CBR APPLICATION, ID 0
ZONE 1 LOW EDGE 818 DISTANCE 835.959
Created UE - id 3 position -591.112 -591.112
CREATED CBR APPLICATION, ID 1
ZONE 3 LOW EDGE 636 DISTANCE 686.361
Created UE - id 4 position -485.33 485.33
CREATED CBR APPLICATION, ID 2
ZONE 5 LOW EDGE 454 DISTANCE 500.673
Created UE - id 5 position 354.029 -354.029
CREATED CBR APPLICATION, ID 3
TX CBR ID 0 B 0 SIZE 133 SRC 2 DST 1 T 60
TX CBR ID 1 B 1 SIZE 133 SRC 3 DST 1 T 60
TX CBR ID 2 B 2 SIZE 133 SRC 4 DST 1 T 60
TX CBR ID 3 B 3 SIZE 133 SRC 5 DST 1 T 60
RACH INFO SF 60160 WIN 4 COLLISIONS 0 TOT 4
RX CBR ID 0 B 0 SIZE 128 SRC 2 DST 1 D 0.576
RX CBR ID 3 B 3 SIZE 128 SRC 5 DST 1 D 0.608
RX CBR ID 2 B 2 SIZE 128 SRC 4 DST 1 D 0.896
RX CBR ID 1 B 1 SIZE 128 SRC 3 DST 1 D 1.44
TX CBR ID 4 B 0 SIZE 133 SRC 2 DST 1 T 120
TX CBR ID 5 B 1 SIZE 133 SRC 3 DST 1 T 120
TX CBR ID 6 B 2 SIZE 133 SRC 4 DST 1 T 120
TX CBR ID 7 B 3 SIZE 133 SRC 5 DST 1 T 120
RACH INFO SF 120000 WIN 4 COLLISIONS 0 TOT 4
RX CBR ID 4 B 0 SIZE 128 SRC 2 DST 1 D 0.416
RX CBR ID 7 B 3 SIZE 128 SRC 5 DST 1 D 0.448
RX CBR ID 6 B 2 SIZE 128 SRC 4 DST 1 D 0.736
RX CBR ID 5 B 1 SIZE 128 SRC 3 DST 1 D 1.28
TX CBR ID 8 B 0 SIZE 133 SRC 2 DST 1 T 180
TX CBR ID 9 B 1 SIZE 133 SRC 3 DST 1 T 180
TX CBR ID 10 B 2 SIZE 133 SRC 4 DST 1 T 180
TX CBR ID 11 B 3 SIZE 133 SRC 5 DST 1 T 180
RACH INFO SF 180160 WIN 2 COLLISIONS 2 TOT 4
RACH INFO SF 180480 WIN 2 COLLISIONS 0 TOT 2
RX CBR ID 11 B 3 SIZE 128 SRC 5 DST 1 D 0.608
RX CBR ID 8 B 0 SIZE 128 SRC 2 DST 1 D 0.896
RX CBR ID 10 B 2 SIZE 128 SRC 4 DST 1 D 0.896
RX CBR ID 9 B 1 SIZE 128 SRC 3 DST 1 D 1.76
TX CBR ID 12 B 0 SIZE 133 SRC 2 DST 1 T 240
TX CBR ID 13 B 1 SIZE 133 SRC 3 DST 1 T 240
TX CBR ID 14 B 2 SIZE 133 SRC 4 DST 1 T 240
TX CBR ID 15 B 3 SIZE 133 SRC 5 DST 1 T 240
RACH INFO SF 240000 WIN 4 COLLISIONS 0 TOT 4
RX CBR ID 12 B 0 SIZE 128 SRC 2 DST 1 D 0.416
RX CBR ID 15 B 3 SIZE 128 SRC 5 DST 1 D 0.448
RX CBR ID 14 B 2 SIZE 128 SRC 4 DST 1 D 0.736
RX CBR ID 13 B 1 SIZE 128 SRC 3 DST 1 D 1.28
TX CBR ID 16 B 0 SIZE 133 SRC 2 DST 1 T 300
TX CBR ID 17 B 1 SIZE 133 SRC 3 DST 1 T 300
TX CBR ID 18 B 2 SIZE 133 SRC 4 DST 1 T 300
TX CBR ID 19 B 3 SIZE 133 SRC 5 DST 1 T 300
RACH INFO SF 300160 WIN 4 COLLISIONS 0 TOT 4
RX CBR ID 16 B 0 SIZE 128 SRC 2 DST 1 D 0.576
RX CBR ID 19 B 3 SIZE 128 SRC 5 DST 1 D 0.608
RX CBR ID 18 B 2 SIZE 128 SRC 4 DST 1 D 0.896
RX CBR ID 17 B 1 SIZE 128 SRC 3 DST 1 D 1.44
TX CBR ID 20 B 0 SIZE 133 SRC 2 DST 1 T 360
TX CBR ID 21 B 1 SIZE 133 SRC 3 DST 1 T 360
TX CBR ID 22 B 2 SIZE 133 SRC 4 DST 1 T 360
TX CBR ID 23 B 3 SIZE 133 SRC 5 DST 1 T 360
RACH INFO SF 360000 WIN 4 COLLISIONS 0 TOT 4
RX CBR ID 20 B 0 SIZE 128 SRC 2 DST 1 D 0.416
RX CBR ID 23 B 3 SIZE 128 SRC 5 DST 1 D 0.448
RX CBR ID 22 B 2 SIZE 128 SRC 4 DST 1 D 0.736
RX CBR ID 21 B 1 SIZE 128 SRC 3 DST 1 D 1.28
TX CBR ID 24 B 0 SIZE 133 SRC 2 DST 1 T 420
TX CBR ID 25 B 1 SIZE 133 SRC 3 DST 1 T 420
TX CBR ID 26 B 2 SIZE 133 SRC 4 DST 1 T 420
TX CBR ID 27 B 3 SIZE 133 SRC 5 DST 1 T 420
RACH INFO SF 420160 WIN 4 COLLISIONS 0 TOT 4
RX CBR ID 24 B 0 SIZE 128 SRC 2 DST 1 D 0.576
RX CBR ID 27 B 3 SIZE 128 SRC 5 DST 1 D 0.608
RX CBR ID 26 B 2 SIZE 128 SRC 4 DST 1 D 0.896
RX CBR ID 25 B 1 SIZE 128 SRC 3 DST 1 D 1.44
TX CBR ID 28 B 0 SIZE 133 SRC 2 DST 1 T 480
TX CBR ID 29 B 1 SIZE 133 SRC 3 DST 1 T 480
TX CBR ID 30 B 2 SIZE 133 SRC 4 DST 1 T 480
TX CBR ID 31 B 3 SIZE 133 SRC 5 DST 1 T 480
RACH INFO SF 480000 WIN 4 COLLISIONS 0 TOT 4
RX CBR ID 28 B 0 SIZE 128 SRC 2 DST 1 D 0.416
RX CBR ID 31 B 3 SIZE 128 SRC 5 DST 1 D 0.448
RX CBR ID 30 B 2 SIZE 128 SRC 4 DST 1 D 0.736
RX CBR ID 29 B 1 SIZE 128 SRC 3 DST 1 D 1.28
TX CBR ID 32 B 0 SIZE 133 SRC 2 DST 1 T 540
TX CBR ID 33 B 1 SIZE 133 SRC 3 DST 1 T 540
TX CBR ID 34 B 2 SIZE 133 SRC 4 DST 1 T 540
TX CBR ID 35 B 3 SIZE 133 SRC 5 DST 1 T 540
RACH INFO SF 540160 WIN 4 COLLISIONS 0 TOT 4
RX CBR ID 32 B 0 SIZE 128 SRC 2 DST 1 D 0.576
RX CBR ID 35 B 3 SIZE 128 SRC 5 DST 1 D 0.608
RX CBR ID 34 B 2 SIZE 128 SRC 4 DST 1 D 0.896
RX CBR ID 33 B 1 SIZE 128 SRC 3 DST 1 D 1.44
TX CBR ID 36 B 0 SIZE 133 SRC 2 DST 1 T 600
TX CBR ID 37 B 1 SIZE 133 SRC 3 DST 1 T 600
TX CBR ID 38 B 2 SIZE 133 SRC 4 DST 1 T 600
TX CBR ID 39 B 3 SIZE 133 SRC 5 DST 1 T 600
RACH INFO SF 600000 WIN 4 COLLISIONS 0 TOT 4
RX CBR ID 36 B 0 SIZE 128 SRC 2 DST 1 D 0.416
RX CBR ID 39 B 3 SIZE 128 SRC 5 DST 1 D 0.448
RX CBR ID 38 B 2 SIZE 128 SRC 4 DST 1 D 0.736
RX CBR ID 37 B 1 SIZE 128 SRC 3 DST 1 D 1.28
TX CBR ID 40 B 0 SIZE 133 SRC 2 DST 1 T 660
TX CBR ID 41 B 1 SIZE 133 SRC 3 DST 1 T 660
TX CBR ID 42 B 2 SIZE 133 SRC 4 DST 1 T 660
TX CBR ID 43 B 3 SIZE 133 SRC 5 DST 1 T 660
RACH INFO SF 660160 WIN 4 COLLISIONS 0 TOT 4
RX CBR ID 40 B 0 SIZE 128 SRC 2 DST 1 D 0.576
RX CBR ID 43 B 3 SIZE 128 SRC 5 DST 1 D 0.608
RX CBR ID 42 B 2 SIZE 128 SRC 4 DST 1 D 0.896
RX CBR ID 41 B 1 SIZE 128 SRC 3 DST 1 D 1.44
TX CBR ID 44 B 0 SIZE 133 SRC 2 DST 1 T 720
TX CBR ID 45 B 1 SIZE 133 SRC 3 DST 1 T 720
TX CBR ID 46 B 2 SIZE 133 SRC 4 DST 1 T 720
TX CBR ID 47 B 3 SIZE 133 SRC 5 DST 1 T 720
RACH INFO SF 720000 WIN 4 COLLISIONS 0 TOT 4
RX CBR ID 44 B 0 SIZE 128 SRC 2 DST 1 D 0.416
RX CBR ID 47 B 3 SIZE 128 SRC 5 DST 1 D 0.448
RX CBR ID 46 B 2 SIZE 128 SRC 4 DST 1 D 0.736
RX CBR ID 45 B 1 SIZE 128 SRC 3 DST 1 D 1.28
TX CBR ID 48 B 0 SIZE 133 SRC 2 DST 1 T 780
TX CBR ID 49 B 1 SIZE 133 SRC 3 DST 1 T 780
TX CBR ID 50 B 2 SIZE 133 SRC 4 DST 1 T 780
TX CBR ID 51 B 3 SIZE 133 SRC 5 DST 1 T 780
RACH INFO SF 780160 WIN 4 COLLISIONS 0 TOT 4
RX CBR ID 48 B 0 SIZE 128 SRC 2 DST 1 D 0.576
RX CBR ID 51 B 3 SIZE 128 SRC 5 DST 1 D 0.608
RX CBR ID 50 B 2 SIZE 128 SRC 4 DST 1 D 0.896
RX CBR ID 49 B 1 SIZE 128 SRC 3 DST 1 D 1.44
TX CBR ID 52 B 0 SIZE 133 SRC 2 DST 1 T 840
TX CBR ID 53 B 1 SIZE 133 SRC 3 DST 1 T 840
TX CBR ID 54 B 2 SIZE 133 SRC 4 DST 1 T 840
TX CBR ID 55 B 3 SIZE 133 SRC 5 DST 1 T 840
RACH INFO SF 840000 WIN 4 COLLISIONS 0 TOT 4
RX CBR ID 52 B 0 SIZE 128 SRC 2 DST 1 D 0.416
RX CBR ID 55 B 3 SIZE 128 SRC 5 DST 1 D 0.448
RX CBR ID 54 B 2 SIZE 128 SRC 4 DST 1 D 0.736
RX CBR ID 53 B 1 SIZE 128 SRC 3 DST 1 D 1.28
TX CBR ID 56 B 0 SIZE 133 SRC 2 DST 1 T 900
TX CBR ID 57 B 1 SIZE 133 SRC 3 DST 1 T 900
TX CBR ID 58 B 2 SIZE 133 SRC 4 DST 1 T 900
TX CBR ID 59 B 3 SIZE 133 SRC 5 DST 1 T 900
RACH INFO SF 900160 WIN 2 COLLISIONS 2 TOT 4
RACH INFO SF 900480 WIN 2 COLLISIONS 0 TOT 2
RX CBR ID 56 B 0 SIZE 128 SRC 2 DST 1 D 0.896
RX CBR ID 58 B 2 SIZE 128 SRC 4 DST 1 D 0.896
RX CBR ID 59 B 3 SIZE 128 SRC 5 DST 1 D 0.928
RX CBR ID 57 B 1 SIZE 128 SRC 3 DST 1 D 1.44
TX CBR ID 60 B 0 SIZE 133 SRC 2 DST 1 T 960
TX CBR ID 61 B 1 SIZE 133 SRC 3 DST 1 T 960
TX CBR ID 62 B 2 SIZE 133 SRC 4 DST 1 T 960
TX CBR ID 63 B 3 SIZE 133 SRC 5 DST 1 T 960
RACH INFO SF 960000 WIN 4 COLLISIONS 0 TOT 4
RX CBR ID 60 B 0 SIZE 128 SRC 2 DST 1 D 0.416
RX CBR ID 63 B 3 SIZE 128 SRC 5 DST 1 D 0.448
RX CBR ID 62 B 2 SIZE 128 SRC 4 DST 1 D 0.736
RX CBR ID 61 B 1 SIZE 128 SRC 3 DST 1 D 1.28
TX CBR ID 64 B 0 SIZE 133 SRC 2 DST 1 T 1020
TX CBR ID 65 B 1 SIZE 133 SRC 3 DST 1 T 1020
TX CBR ID 66 B 2 SIZE 133 SRC 4 DST 1 T 1020
TX CBR ID 67 B 3 SIZE 133 SRC 5 DST 1 T 1020
RACH INFO SF 1020160 WIN 4 COLLISIONS 0 TOT 4
RX CBR ID 64 B 0 SIZE 128 SRC 2 DST 1 D 0.576
RX CBR ID 67 B 3 SIZE 128 SRC 5 DST 1 D 0.608
RX CBR ID 66 B 2 SIZE 128 SRC 4 DST 1 D 0.896
RX CBR ID 65 B 1 SIZE 128 SRC 3 DST 1 D 1.44
TX CBR ID 68 B 0 SIZE 133 SRC 2 DST 1 T 1080
TX CBR ID 69 B 1 SIZE 133 SRC 3 DST 1 T 1080
TX CBR ID 70 B 2 SIZE 133 SRC 4 DST 1 T 1080
TX CBR ID 71 B 3 SIZE 133 SRC 5 DST 1 T 1080
RACH INFO SF 1080000 WIN 4 COLLISIONS 0 TOT 4
RX CBR ID 68 B 0 SIZE 128 SRC 2 DST 1 D 0.416
RX CBR ID 71 B 3 SIZE 128 SRC 5 DST 1 D 0.448
RX CBR ID 70 B 2 SIZE 128 SRC 4 DST 1 D 0.736
RX CBR ID 69 B 1 SIZE 128 SRC 3 DST 1 D 1.28
TX CBR ID 72 B 0 SIZE 133 SRC 2 DST 1 T 1140
TX CBR ID 73 B 1 SIZE 133 SRC 3 DST 1 T 1140
TX CBR ID 74 B 2 SIZE 133 SRC 4 DST 1 T 1140
TX CBR ID 75 B 3 SIZE 133 SRC 5 DST 1 T 1140
RACH INFO SF 1140160 WIN 4 COLLISIONS 0 TOT 4
RX CBR ID 72 B 0 SIZE 128 SRC 2 DST 1 D 0.576
RX CBR ID 75 B 3 SIZE 128 SRC 5 DST 1 D 0.608
RX CBR ID 74 B 2 SIZE 128 SRC 4 DST 1 D 0.896
RX CBR ID 73 B 1 SIZE 128 SRC 3 DST 1 D 1.44
TX CBR ID 76 B 0 SIZE 133 SRC 2 DST 1 T 1200
TX CBR ID 77 B 1 SIZE 133 SRC 3 DST 1 T 1200
TX CBR ID 78 B 2 SIZE 133 SRC 4 DST 1 T 1200
TX CBR ID 79 B 3 SIZE 133 SRC 5 DST 1 T 1200
RACH INFO SF 1200000 WIN 4 COLLISIONS 0 TOT 4
RX CBR ID 76 B 0 SIZE 128 SRC 2 DST 1 D 0.416
RX CBR ID 79 B 3 SIZE 128 SRC 5 DST 1 D 0.448
RX CBR ID 78 B 2 SIZE 128 SRC 4 DST 1 D 0.736
RX CBR ID 77 B 1 SIZE 128 SRC 3 DST 1 D 1.28
TX CBR ID 80 B 0 SIZE 133 SRC 2 DST 1 T 1260
TX CBR ID 81 B 1 SIZE 133 SRC 3 DST 1 T 1260
TX CBR ID 82 B 2 SIZE 133 SRC 4 DST 1 T 1260
TX CBR ID 83 B 3 SIZE 133 SRC 5 DST 1 T 1260
RACH INFO SF 1260160 WIN 4 COLLISIONS 0 TOT 4
RX CBR ID 80 B 0 SIZE 128 SRC 2 DST 1 D 0.576
RX CBR ID 83 B 3 SIZE 128 SRC 5 DST 1 D 0.608
RX CBR ID 82 B 2 SIZE 128 SRC 4 DST 1 D 0.896
RX CBR ID 81 B 1 SIZE 128 SRC 3 DST 1 D 1.44
TX CBR ID 84 B 0 SIZE 133 SRC 2 DST 1 T 1320
TX CBR ID 85 B 1 SIZE 133 SRC 3 DST 1 T 1320
TX CBR ID 86 B 2 SIZE 133 SRC 4 DST 1 T 1320
TX CBR ID 87 B 3 SIZE 133 SRC 5 DST 1 T 1320
RACH INFO SF 1320000 WIN 4 COLLISIONS 0 TOT 4
RX CBR ID 84 B 0 SIZE 128 SRC 2 DST 1 D 0.416
RX CBR ID 87 B 3 SIZE 128 SRC 5 DST 1 D 0.448
RX CBR ID 86 B 2 SIZE 128 SRC 4 DST 1 D 0.736
RX CBR ID 85 B 1 SIZE 128 SRC 3 DST 1 D 1.28
TX CBR ID 88 B 0 SIZE 133 SRC 2 DST 1 T 1380
TX CBR ID 89 B 1 SIZE 133 SRC 3 DST 1 T 1380
TX CBR ID 90 B 2 SIZE 133 SRC 4 DST 1 T 1380
TX CBR ID 91 B 3 SIZE 133 SRC 5 DST 1 T 1380
RACH INFO SF 1380160 WIN 4 COLLISIONS 0 TOT 4
RX CBR ID 88 B 0 SIZE 128 SRC 2 DST 1 D 0.576
RX CBR ID 91 B 3 SIZE 128 SRC 5 DST 1 D 0.608
RX CBR ID 90 B 2 SIZE 128 SRC 4 DST 1 D 0.896
RX CBR ID 89 B 1 SIZE 128 SRC 3 DST 1 D 1.44
TX CBR ID 92 B 0 SIZE 133 SRC 2 DST 1 T 1440
TX CBR ID 93 B 1 SIZE 133 SRC 3 DST 1 T 1440
TX CBR ID 94 B 2 SIZE 133 SRC 4 DST 1 T 1440
TX CBR ID 95 B 3 SIZE 133 SRC 5 DST 1 T 1440
RACH INFO SF 1440000 WIN 2 COLLISIONS 2 TOT 4
RACH INFO SF 1440320 WIN 2 COLLISIONS 0 TOT 2
RX CBR ID 92 B 0 SIZE 128 SRC 2 DST 1 D 0.416
RX CBR ID 95 B 3 SIZE 128 SRC 5 DST 1 D 0.448
RX CBR ID 94 B 2 SIZE 128 SRC 4 DST 1 D 1.056
RX CBR ID 93 B 1 SIZE 128 SRC 3 DST 1 D 1.6
 SIMULATOR_DEBUG: Stop (13882177 events)
